2020-06-12 20:18:03,564 Successfully connected with MIR
2020-06-12 20:18:03,565 Index out of range. Getting all available data
2020-06-12 20:18:03,565 Getting data for robot: 0
2020-06-12 20:18:03,627 Data successfuly retrieved for robot:0
2020-06-12 20:18:23,401 Pausing robot: 0
2020-06-12 20:18:23,512 {'allowed_methods': None, 'battery_percentage': 0.0, 'battery_time_remaining': 0, 'distance_to_next_target': 0.0621182918548584, 'errors': [], 'footprint': '[[0.506,-0.32],[0.506,0.32],[-0.454,0.32],[-0.454,-0.32]]', 'joystick_low_speed_mode_enabled': False, 'joystick_web_session_id': '', 'map_id': '18018895-aa56-11ea-8719-94c691a73989', 'mission_queue_id': None, 'mission_queue_url': None, 'mission_text': 'Waiting for new missions...', 'mode_id': 7, 'mode_key_state': 'idle', 'mode_text': 'Mission', 'moved': 4966.804150818484, 'position': {'orientation': -89.52725982666016, 'x': 29.50880241394043, 'y': 25.67801284790039}, 'robot_model': 'MiR200', 'robot_name': 'MiR_S866', 'safety_system_muted': False, 'serial_number': '190200012000866', 'session_id': '73b780d4-968a-11e9-b7b8-94c691a73989', 'state_id': 4, 'state_text': 'Pause', 'unloaded_map_changes': False, 'uptime': 35649, 'user_prompt': None, 'velocity': {'angular': 0.0, 'linear': 0.0}}
2020-06-12 20:18:23,513 Robot:0 successfully paused
2020-06-12 20:18:23,513 Sending Delete command to url:http://192.168.12.20/api/v2.0.0/mission_queue
2020-06-12 20:18:23,686 {'allowed_methods': ['PUT', 'GET', 'DELETE'], 'created_by': '/v2.0.0/users/mirconst-guid-0000-0005-users0000000', 'created_by_id': 'mirconst-guid-0000-0005-users0000000', 'created_by_name': 'Administrator', 'docking_offsets': '/v2.0.0/positions/ee248821-aa5b-11ea-8719-94c691a73989/docking_offsets', 'guid': 'ee248821-aa5b-11ea-8719-94c691a73989', 'help_positions': '/v2.0.0/positions/ee248821-aa5b-11ea-8719-94c691a73989/helper_positions', 'map': '/v2.0.0/maps/18018895-aa56-11ea-8719-94c691a73989', 'map_id': '18018895-aa56-11ea-8719-94c691a73989', 'name': 'Receive_Items', 'orientation': -90.0, 'parent': None, 'parent_id': None, 'pos_x': 29.5, 'pos_y': 25.700000762939453, 'type': '/v2.0.0/position_types/0', 'type_id': 0}
2020-06-12 20:18:23,848 {'actions': '/v2.0.0/mission_queue/2414/actions', 'allowed_methods': ['PUT', 'GET', 'DELETE'], 'control_posid': None, 'control_state': 0, 'created_by': '/v2.0.0/users/mirconst-guid-0000-0005-users0000000', 'created_by_id': 'mirconst-guid-0000-0005-users0000000', 'created_by_name': 'Administrator', 'description': '', 'finished': None, 'id': 2414, 'message': '', 'mission': '/v2.0.0/missions/cb72bc7a-aa63-11ea-8719-94c691a73989', 'mission_id': 'cb72bc7a-aa63-11ea-8719-94c691a73989', 'ordered': '2020-06-12T21:14:00', 'parameters': None, 'priority': 1, 'started': None, 'state': 'Pending'}
2020-06-12 20:18:23,849 Readying robot: 0
2020-06-12 20:18:23,970 {'allowed_methods': None, 'battery_percentage': 0.0, 'battery_time_remaining': 0, 'distance_to_next_target': 0.0621182918548584, 'errors': [], 'footprint': '[[0.506,-0.32],[0.506,0.32],[-0.454,0.32],[-0.454,-0.32]]', 'joystick_low_speed_mode_enabled': False, 'joystick_web_session_id': '', 'map_id': '18018895-aa56-11ea-8719-94c691a73989', 'mission_queue_id': 2414, 'mission_queue_url': '/v2.0.0/mission_queue/2414', 'mission_text': 'Waiting for new missions...', 'mode_id': 7, 'mode_key_state': 'idle', 'mode_text': 'Mission', 'moved': 4966.804150818484, 'position': {'orientation': -89.52725982666016, 'x': 29.50880241394043, 'y': 25.67801284790039}, 'robot_model': 'MiR200', 'robot_name': 'MiR_S866', 'safety_system_muted': False, 'serial_number': '190200012000866', 'session_id': '73b780d4-968a-11e9-b7b8-94c691a73989', 'state_id': 3, 'state_text': 'Ready', 'unloaded_map_changes': False, 'uptime': 35649, 'user_prompt': None, 'velocity': {'angular': 0.0, 'linear': 0.0}}
2020-06-12 20:18:23,970 Robot:0 successfully readied
2020-06-12 20:18:24,023 Pausing robot: 0
2020-06-12 20:18:24,307 {'allowed_methods': None, 'battery_percentage': 0.0, 'battery_time_remaining': 0, 'distance_to_next_target': 0.0621182918548584, 'errors': [], 'footprint': '[[0.506,-0.32],[0.506,0.32],[-0.454,0.32],[-0.454,-0.32]]', 'joystick_low_speed_mode_enabled': False, 'joystick_web_session_id': '', 'map_id': '18018895-aa56-11ea-8719-94c691a73989', 'mission_queue_id': 2414, 'mission_queue_url': '/v2.0.0/mission_queue/2414', 'mission_text': "Moving to 'Receive_Items' (Planning)", 'mode_id': 7, 'mode_key_state': 'idle', 'mode_text': 'Mission', 'moved': 4966.804150818484, 'position': {'orientation': -89.52725982666016, 'x': 29.50880241394043, 'y': 25.67801284790039}, 'robot_model': 'MiR200', 'robot_name': 'MiR_S866', 'safety_system_muted': False, 'serial_number': '190200012000866', 'session_id': '73b780d4-968a-11e9-b7b8-94c691a73989', 'state_id': 4, 'state_text': 'Pause', 'unloaded_map_changes': False, 'uptime': 35649, 'user_prompt': None, 'velocity': {'angular': 0.0, 'linear': 0.0}}
2020-06-12 20:18:24,307 Robot:0 successfully paused
2020-06-12 20:18:24,307 Sending Delete command to url:http://192.168.12.20/api/v2.0.0/mission_queue
2020-06-12 20:18:24,563 {'allowed_methods': ['PUT', 'GET', 'DELETE'], 'created_by': '/v2.0.0/users/mirconst-guid-0000-0005-users0000000', 'created_by_id': 'mirconst-guid-0000-0005-users0000000', 'created_by_name': 'Administrator', 'docking_offsets': '/v2.0.0/positions/ee248821-aa5b-11ea-8719-94c691a73989/docking_offsets', 'guid': 'ee248821-aa5b-11ea-8719-94c691a73989', 'help_positions': '/v2.0.0/positions/ee248821-aa5b-11ea-8719-94c691a73989/helper_positions', 'map': '/v2.0.0/maps/18018895-aa56-11ea-8719-94c691a73989', 'map_id': '18018895-aa56-11ea-8719-94c691a73989', 'name': 'Receive_Items', 'orientation': -90.0, 'parent': None, 'parent_id': None, 'pos_x': 29.5, 'pos_y': 25.700000762939453, 'type': '/v2.0.0/position_types/0', 'type_id': 0}
2020-06-12 20:18:24,711 {'actions': '/v2.0.0/mission_queue/2415/actions', 'allowed_methods': ['PUT', 'GET', 'DELETE'], 'control_posid': None, 'control_state': 0, 'created_by': '/v2.0.0/users/mirconst-guid-0000-0005-users0000000', 'created_by_id': 'mirconst-guid-0000-0005-users0000000', 'created_by_name': 'Administrator', 'description': '', 'finished': None, 'id': 2415, 'message': '', 'mission': '/v2.0.0/missions/cb72bc7a-aa63-11ea-8719-94c691a73989', 'mission_id': 'cb72bc7a-aa63-11ea-8719-94c691a73989', 'ordered': '2020-06-12T21:14:01', 'parameters': None, 'priority': 1, 'started': None, 'state': 'Pending'}
2020-06-12 20:18:24,711 Readying robot: 0
2020-06-12 20:18:24,842 {'allowed_methods': None, 'battery_percentage': 0.0, 'battery_time_remaining': 0, 'distance_to_next_target': 0.0621182918548584, 'errors': [], 'footprint': '[[0.506,-0.32],[0.506,0.32],[-0.454,0.32],[-0.454,-0.32]]', 'joystick_low_speed_mode_enabled': False, 'joystick_web_session_id': '', 'map_id': '18018895-aa56-11ea-8719-94c691a73989', 'mission_queue_id': 2415, 'mission_queue_url': '/v2.0.0/mission_queue/2415', 'mission_text': 'Waiting for new missions...', 'mode_id': 7, 'mode_key_state': 'idle', 'mode_text': 'Mission', 'moved': 4966.804150818484, 'position': {'orientation': -89.52725982666016, 'x': 29.50880241394043, 'y': 25.67801284790039}, 'robot_model': 'MiR200', 'robot_name': 'MiR_S866', 'safety_system_muted': False, 'serial_number': '190200012000866', 'session_id': '73b780d4-968a-11e9-b7b8-94c691a73989', 'state_id': 3, 'state_text': 'Ready', 'unloaded_map_changes': False, 'uptime': 35650, 'user_prompt': None, 'velocity': {'angular': 0.0, 'linear': 0.0}}
2020-06-12 20:18:24,843 Robot:0 successfully readied
2020-06-12 20:18:24,932 Pausing robot: 0
2020-06-12 20:18:25,132 {'allowed_methods': None, 'battery_percentage': 0.0, 'battery_time_remaining': 0, 'distance_to_next_target': 0.0621182918548584, 'errors': [], 'footprint': '[[0.506,-0.32],[0.506,0.32],[-0.454,0.32],[-0.454,-0.32]]', 'joystick_low_speed_mode_enabled': False, 'joystick_web_session_id': '', 'map_id': '18018895-aa56-11ea-8719-94c691a73989', 'mission_queue_id': 2415, 'mission_queue_url': '/v2.0.0/mission_queue/2415', 'mission_text': "Moving to 'Receive_Items' (Planning)", 'mode_id': 7, 'mode_key_state': 'idle', 'mode_text': 'Mission', 'moved': 4966.804150818484, 'position': {'orientation': -89.52725982666016, 'x': 29.50880241394043, 'y': 25.67801284790039}, 'robot_model': 'MiR200', 'robot_name': 'MiR_S866', 'safety_system_muted': False, 'serial_number': '190200012000866', 'session_id': '73b780d4-968a-11e9-b7b8-94c691a73989', 'state_id': 4, 'state_text': 'Pause', 'unloaded_map_changes': False, 'uptime': 35650, 'user_prompt': None, 'velocity': {'angular': 0.0, 'linear': 0.0}}
2020-06-12 20:18:25,132 Robot:0 successfully paused
2020-06-12 20:18:25,132 Sending Delete command to url:http://192.168.12.20/api/v2.0.0/mission_queue
2020-06-12 20:18:25,361 {'allowed_methods': ['PUT', 'GET', 'DELETE'], 'created_by': '/v2.0.0/users/mirconst-guid-0000-0005-users0000000', 'created_by_id': 'mirconst-guid-0000-0005-users0000000', 'created_by_name': 'Administrator', 'docking_offsets': '/v2.0.0/positions/ee248821-aa5b-11ea-8719-94c691a73989/docking_offsets', 'guid': 'ee248821-aa5b-11ea-8719-94c691a73989', 'help_positions': '/v2.0.0/positions/ee248821-aa5b-11ea-8719-94c691a73989/helper_positions', 'map': '/v2.0.0/maps/18018895-aa56-11ea-8719-94c691a73989', 'map_id': '18018895-aa56-11ea-8719-94c691a73989', 'name': 'Receive_Items', 'orientation': -90.0, 'parent': None, 'parent_id': None, 'pos_x': 29.5, 'pos_y': 25.700000762939453, 'type': '/v2.0.0/position_types/0', 'type_id': 0}
2020-06-12 20:18:25,523 {'actions': '/v2.0.0/mission_queue/2416/actions', 'allowed_methods': ['PUT', 'GET', 'DELETE'], 'control_posid': None, 'control_state': 0, 'created_by': '/v2.0.0/users/mirconst-guid-0000-0005-users0000000', 'created_by_id': 'mirconst-guid-0000-0005-users0000000', 'created_by_name': 'Administrator', 'description': '', 'finished': None, 'id': 2416, 'message': '', 'mission': '/v2.0.0/missions/cb72bc7a-aa63-11ea-8719-94c691a73989', 'mission_id': 'cb72bc7a-aa63-11ea-8719-94c691a73989', 'ordered': '2020-06-12T21:14:02', 'parameters': None, 'priority': 1, 'started': None, 'state': 'Pending'}
2020-06-12 20:18:25,524 Readying robot: 0
2020-06-12 20:18:25,650 {'allowed_methods': None, 'battery_percentage': 0.0, 'battery_time_remaining': 0, 'distance_to_next_target': 0.0621182918548584, 'errors': [], 'footprint': '[[0.506,-0.32],[0.506,0.32],[-0.454,0.32],[-0.454,-0.32]]', 'joystick_low_speed_mode_enabled': False, 'joystick_web_session_id': '', 'map_id': '18018895-aa56-11ea-8719-94c691a73989', 'mission_queue_id': 2416, 'mission_queue_url': '/v2.0.0/mission_queue/2416', 'mission_text': 'Waiting for new missions...', 'mode_id': 7, 'mode_key_state': 'idle', 'mode_text': 'Mission', 'moved': 4966.804150818484, 'position': {'orientation': -89.52725982666016, 'x': 29.50880241394043, 'y': 25.67801284790039}, 'robot_model': 'MiR200', 'robot_name': 'MiR_S866', 'safety_system_muted': False, 'serial_number': '190200012000866', 'session_id': '73b780d4-968a-11e9-b7b8-94c691a73989', 'state_id': 3, 'state_text': 'Ready', 'unloaded_map_changes': False, 'uptime': 35651, 'user_prompt': None, 'velocity': {'angular': 0.0, 'linear': 0.0}}
2020-06-12 20:18:25,650 Robot:0 successfully readied
2020-06-12 20:18:25,706 Pausing robot: 0
2020-06-12 20:18:25,910 {'allowed_methods': None, 'battery_percentage': 0.0, 'battery_time_remaining': 0, 'distance_to_next_target': 0.0621182918548584, 'errors': [], 'footprint': '[[0.506,-0.32],[0.506,0.32],[-0.454,0.32],[-0.454,-0.32]]', 'joystick_low_speed_mode_enabled': False, 'joystick_web_session_id': '', 'map_id': '18018895-aa56-11ea-8719-94c691a73989', 'mission_queue_id': 2416, 'mission_queue_url': '/v2.0.0/mission_queue/2416', 'mission_text': "Moving to 'Receive_Items' (Planning)", 'mode_id': 7, 'mode_key_state': 'idle', 'mode_text': 'Mission', 'moved': 4966.804150818484, 'position': {'orientation': -89.52725982666016, 'x': 29.50880241394043, 'y': 25.67801284790039}, 'robot_model': 'MiR200', 'robot_name': 'MiR_S866', 'safety_system_muted': False, 'serial_number': '190200012000866', 'session_id': '73b780d4-968a-11e9-b7b8-94c691a73989', 'state_id': 4, 'state_text': 'Pause', 'unloaded_map_changes': False, 'uptime': 35651, 'user_prompt': None, 'velocity': {'angular': 0.0, 'linear': 0.0}}
2020-06-12 20:18:25,910 Robot:0 successfully paused
2020-06-12 20:18:25,910 Sending Delete command to url:http://192.168.12.20/api/v2.0.0/mission_queue
2020-06-12 20:18:26,119 {'allowed_methods': ['PUT', 'GET', 'DELETE'], 'created_by': '/v2.0.0/users/mirconst-guid-0000-0005-users0000000', 'created_by_id': 'mirconst-guid-0000-0005-users0000000', 'created_by_name': 'Administrator', 'docking_offsets': '/v2.0.0/positions/ee248821-aa5b-11ea-8719-94c691a73989/docking_offsets', 'guid': 'ee248821-aa5b-11ea-8719-94c691a73989', 'help_positions': '/v2.0.0/positions/ee248821-aa5b-11ea-8719-94c691a73989/helper_positions', 'map': '/v2.0.0/maps/18018895-aa56-11ea-8719-94c691a73989', 'map_id': '18018895-aa56-11ea-8719-94c691a73989', 'name': 'Receive_Items', 'orientation': -90.0, 'parent': None, 'parent_id': None, 'pos_x': 29.5, 'pos_y': 25.700000762939453, 'type': '/v2.0.0/position_types/0', 'type_id': 0}
2020-06-12 20:18:26,262 {'actions': '/v2.0.0/mission_queue/2417/actions', 'allowed_methods': ['PUT', 'GET', 'DELETE'], 'control_posid': None, 'control_state': 0, 'created_by': '/v2.0.0/users/mirconst-guid-0000-0005-users0000000', 'created_by_id': 'mirconst-guid-0000-0005-users0000000', 'created_by_name': 'Administrator', 'description': '', 'finished': None, 'id': 2417, 'message': '', 'mission': '/v2.0.0/missions/cb72bc7a-aa63-11ea-8719-94c691a73989', 'mission_id': 'cb72bc7a-aa63-11ea-8719-94c691a73989', 'ordered': '2020-06-12T21:14:03', 'parameters': None, 'priority': 1, 'started': None, 'state': 'Pending'}
2020-06-12 20:18:26,262 Readying robot: 0
2020-06-12 20:18:26,399 {'allowed_methods': None, 'battery_percentage': 0.0, 'battery_time_remaining': 0, 'distance_to_next_target': 0.0621182918548584, 'errors': [], 'footprint': '[[0.506,-0.32],[0.506,0.32],[-0.454,0.32],[-0.454,-0.32]]', 'joystick_low_speed_mode_enabled': False, 'joystick_web_session_id': '', 'map_id': '18018895-aa56-11ea-8719-94c691a73989', 'mission_queue_id': 2417, 'mission_queue_url': '/v2.0.0/mission_queue/2417', 'mission_text': 'Waiting for new missions...', 'mode_id': 7, 'mode_key_state': 'idle', 'mode_text': 'Mission', 'moved': 4966.804150818484, 'position': {'orientation': -89.52725982666016, 'x': 29.50880241394043, 'y': 25.67801284790039}, 'robot_model': 'MiR200', 'robot_name': 'MiR_S866', 'safety_system_muted': False, 'serial_number': '190200012000866', 'session_id': '73b780d4-968a-11e9-b7b8-94c691a73989', 'state_id': 3, 'state_text': 'Ready', 'unloaded_map_changes': False, 'uptime': 35651, 'user_prompt': None, 'velocity': {'angular': 0.0, 'linear': 0.0}}
2020-06-12 20:18:26,399 Robot:0 successfully readied
2020-06-12 20:18:26,453 Pausing robot: 0
2020-06-12 20:18:26,723 {'allowed_methods': None, 'battery_percentage': 0.0, 'battery_time_remaining': 0, 'distance_to_next_target': 0.0621182918548584, 'errors': [], 'footprint': '[[0.506,-0.32],[0.506,0.32],[-0.454,0.32],[-0.454,-0.32]]', 'joystick_low_speed_mode_enabled': False, 'joystick_web_session_id': '', 'map_id': '18018895-aa56-11ea-8719-94c691a73989', 'mission_queue_id': 2417, 'mission_queue_url': '/v2.0.0/mission_queue/2417', 'mission_text': "Moving to 'Receive_Items' (Planning)", 'mode_id': 7, 'mode_key_state': 'idle', 'mode_text': 'Mission', 'moved': 4966.804150818484, 'position': {'orientation': -89.52725982666016, 'x': 29.50880241394043, 'y': 25.67801284790039}, 'robot_model': 'MiR200', 'robot_name': 'MiR_S866', 'safety_system_muted': False, 'serial_number': '190200012000866', 'session_id': '73b780d4-968a-11e9-b7b8-94c691a73989', 'state_id': 4, 'state_text': 'Pause', 'unloaded_map_changes': False, 'uptime': 35652, 'user_prompt': None, 'velocity': {'angular': 0.0, 'linear': 0.0}}
2020-06-12 20:18:26,723 Robot:0 successfully paused
2020-06-12 20:18:26,723 Sending Delete command to url:http://192.168.12.20/api/v2.0.0/mission_queue
2020-06-12 20:18:26,957 {'allowed_methods': ['PUT', 'GET', 'DELETE'], 'created_by': '/v2.0.0/users/mirconst-guid-0000-0005-users0000000', 'created_by_id': 'mirconst-guid-0000-0005-users0000000', 'created_by_name': 'Administrator', 'docking_offsets': '/v2.0.0/positions/ee248821-aa5b-11ea-8719-94c691a73989/docking_offsets', 'guid': 'ee248821-aa5b-11ea-8719-94c691a73989', 'help_positions': '/v2.0.0/positions/ee248821-aa5b-11ea-8719-94c691a73989/helper_positions', 'map': '/v2.0.0/maps/18018895-aa56-11ea-8719-94c691a73989', 'map_id': '18018895-aa56-11ea-8719-94c691a73989', 'name': 'Receive_Items', 'orientation': -90.0, 'parent': None, 'parent_id': None, 'pos_x': 29.5, 'pos_y': 25.700000762939453, 'type': '/v2.0.0/position_types/0', 'type_id': 0}
2020-06-12 20:18:27,102 {'actions': '/v2.0.0/mission_queue/2418/actions', 'allowed_methods': ['PUT', 'GET', 'DELETE'], 'control_posid': None, 'control_state': 0, 'created_by': '/v2.0.0/users/mirconst-guid-0000-0005-users0000000', 'created_by_id': 'mirconst-guid-0000-0005-users0000000', 'created_by_name': 'Administrator', 'description': '', 'finished': None, 'id': 2418, 'message': '', 'mission': '/v2.0.0/missions/cb72bc7a-aa63-11ea-8719-94c691a73989', 'mission_id': 'cb72bc7a-aa63-11ea-8719-94c691a73989', 'ordered': '2020-06-12T21:14:03', 'parameters': None, 'priority': 1, 'started': None, 'state': 'Pending'}
2020-06-12 20:18:27,102 Readying robot: 0
2020-06-12 20:18:27,234 {'allowed_methods': None, 'battery_percentage': 0.0, 'battery_time_remaining': 0, 'distance_to_next_target': 0.0621182918548584, 'errors': [], 'footprint': '[[0.506,-0.32],[0.506,0.32],[-0.454,0.32],[-0.454,-0.32]]', 'joystick_low_speed_mode_enabled': False, 'joystick_web_session_id': '', 'map_id': '18018895-aa56-11ea-8719-94c691a73989', 'mission_queue_id': 2418, 'mission_queue_url': '/v2.0.0/mission_queue/2418', 'mission_text': 'Waiting for new missions...', 'mode_id': 7, 'mode_key_state': 'idle', 'mode_text': 'Mission', 'moved': 4966.804150818484, 'position': {'orientation': -89.52725982666016, 'x': 29.50880241394043, 'y': 25.67801284790039}, 'robot_model': 'MiR200', 'robot_name': 'MiR_S866', 'safety_system_muted': False, 'serial_number': '190200012000866', 'session_id': '73b780d4-968a-11e9-b7b8-94c691a73989', 'state_id': 3, 'state_text': 'Ready', 'unloaded_map_changes': False, 'uptime': 35652, 'user_prompt': None, 'velocity': {'angular': 0.0, 'linear': 0.0}}
2020-06-12 20:18:27,234 Robot:0 successfully readied
2020-06-12 20:18:27,324 Pausing robot: 0
2020-06-12 20:18:27,550 {'args': {}, 'error_code': 'service_unavailable', 'error_human': 'The service is unavailable, please try again later'}
2020-06-12 20:18:27,550 HTTP error occurred:503 Server Error: SERVICE UNAVAILABLE for url: http://192.168.12.20/api/v2.0.0/status
2020-06-12 20:18:27,551 Sending Delete command to url:http://192.168.12.20/api/v2.0.0/mission_queue
2020-06-12 20:18:28,284 {'allowed_methods': ['PUT', 'GET', 'DELETE'], 'created_by': '/v2.0.0/users/mirconst-guid-0000-0005-users0000000', 'created_by_id': 'mirconst-guid-0000-0005-users0000000', 'created_by_name': 'Administrator', 'docking_offsets': '/v2.0.0/positions/ee248821-aa5b-11ea-8719-94c691a73989/docking_offsets', 'guid': 'ee248821-aa5b-11ea-8719-94c691a73989', 'help_positions': '/v2.0.0/positions/ee248821-aa5b-11ea-8719-94c691a73989/helper_positions', 'map': '/v2.0.0/maps/18018895-aa56-11ea-8719-94c691a73989', 'map_id': '18018895-aa56-11ea-8719-94c691a73989', 'name': 'Receive_Items', 'orientation': -90.0, 'parent': None, 'parent_id': None, 'pos_x': 29.5, 'pos_y': 25.700000762939453, 'type': '/v2.0.0/position_types/0', 'type_id': 0}
2020-06-12 20:18:28,429 {'actions': '/v2.0.0/mission_queue/2419/actions', 'allowed_methods': ['PUT', 'GET', 'DELETE'], 'control_posid': None, 'control_state': 0, 'created_by': '/v2.0.0/users/mirconst-guid-0000-0005-users0000000', 'created_by_id': 'mirconst-guid-0000-0005-users0000000', 'created_by_name': 'Administrator', 'description': '', 'finished': None, 'id': 2419, 'message': '', 'mission': '/v2.0.0/missions/cb72bc7a-aa63-11ea-8719-94c691a73989', 'mission_id': 'cb72bc7a-aa63-11ea-8719-94c691a73989', 'ordered': '2020-06-12T21:14:05', 'parameters': None, 'priority': 1, 'started': None, 'state': 'Pending'}
2020-06-12 20:18:28,430 Readying robot: 0
2020-06-12 20:18:28,527 {'allowed_methods': None, 'battery_percentage': 0.0, 'battery_time_remaining': 0, 'distance_to_next_target': 0.0621182918548584, 'errors': [], 'footprint': '[[0.506,-0.32],[0.506,0.32],[-0.454,0.32],[-0.454,-0.32]]', 'joystick_low_speed_mode_enabled': False, 'joystick_web_session_id': '', 'map_id': '18018895-aa56-11ea-8719-94c691a73989', 'mission_queue_id': 2419, 'mission_queue_url': '/v2.0.0/mission_queue/2419', 'mission_text': 'Waiting for new missions...', 'mode_id': 7, 'mode_key_state': 'idle', 'mode_text': 'Mission', 'moved': 4966.804150818484, 'position': {'orientation': -89.52725982666016, 'x': 29.50880241394043, 'y': 25.67801284790039}, 'robot_model': 'MiR200', 'robot_name': 'MiR_S866', 'safety_system_muted': False, 'serial_number': '190200012000866', 'session_id': '73b780d4-968a-11e9-b7b8-94c691a73989', 'state_id': 3, 'state_text': 'Ready', 'unloaded_map_changes': False, 'uptime': 35654, 'user_prompt': None, 'velocity': {'angular': 0.0, 'linear': 0.0}}
2020-06-12 20:18:28,527 Robot:0 successfully readied
2020-06-12 20:18:28,576 Pausing robot: 0
2020-06-12 20:18:28,804 {'allowed_methods': None, 'battery_percentage': 0.0, 'battery_time_remaining': 0, 'distance_to_next_target': 0.0621182918548584, 'errors': [], 'footprint': '[[0.506,-0.32],[0.506,0.32],[-0.454,0.32],[-0.454,-0.32]]', 'joystick_low_speed_mode_enabled': False, 'joystick_web_session_id': '', 'map_id': '18018895-aa56-11ea-8719-94c691a73989', 'mission_queue_id': 2419, 'mission_queue_url': '/v2.0.0/mission_queue/2419', 'mission_text': "Moving to 'Receive_Items' (Planning)", 'mode_id': 7, 'mode_key_state': 'idle', 'mode_text': 'Mission', 'moved': 4966.804150818484, 'position': {'orientation': -89.52725982666016, 'x': 29.50880241394043, 'y': 25.67801284790039}, 'robot_model': 'MiR200', 'robot_name': 'MiR_S866', 'safety_system_muted': False, 'serial_number': '190200012000866', 'session_id': '73b780d4-968a-11e9-b7b8-94c691a73989', 'state_id': 4, 'state_text': 'Pause', 'unloaded_map_changes': False, 'uptime': 35654, 'user_prompt': None, 'velocity': {'angular': 0.0, 'linear': 0.0}}
2020-06-12 20:18:28,804 Robot:0 successfully paused
2020-06-12 20:18:28,804 Sending Delete command to url:http://192.168.12.20/api/v2.0.0/mission_queue
2020-06-12 20:18:29,012 {'allowed_methods': ['PUT', 'GET', 'DELETE'], 'created_by': '/v2.0.0/users/mirconst-guid-0000-0005-users0000000', 'created_by_id': 'mirconst-guid-0000-0005-users0000000', 'created_by_name': 'Administrator', 'docking_offsets': '/v2.0.0/positions/ee248821-aa5b-11ea-8719-94c691a73989/docking_offsets', 'guid': 'ee248821-aa5b-11ea-8719-94c691a73989', 'help_positions': '/v2.0.0/positions/ee248821-aa5b-11ea-8719-94c691a73989/helper_positions', 'map': '/v2.0.0/maps/18018895-aa56-11ea-8719-94c691a73989', 'map_id': '18018895-aa56-11ea-8719-94c691a73989', 'name': 'Receive_Items', 'orientation': -90.0, 'parent': None, 'parent_id': None, 'pos_x': 29.5, 'pos_y': 25.700000762939453, 'type': '/v2.0.0/position_types/0', 'type_id': 0}
2020-06-12 20:18:29,157 {'actions': '/v2.0.0/mission_queue/2420/actions', 'allowed_methods': ['PUT', 'GET', 'DELETE'], 'control_posid': None, 'control_state': 0, 'created_by': '/v2.0.0/users/mirconst-guid-0000-0005-users0000000', 'created_by_id': 'mirconst-guid-0000-0005-users0000000', 'created_by_name': 'Administrator', 'description': '', 'finished': None, 'id': 2420, 'message': '', 'mission': '/v2.0.0/missions/cb72bc7a-aa63-11ea-8719-94c691a73989', 'mission_id': 'cb72bc7a-aa63-11ea-8719-94c691a73989', 'ordered': '2020-06-12T21:14:06', 'parameters': None, 'priority': 1, 'started': None, 'state': 'Pending'}
2020-06-12 20:18:29,157 Readying robot: 0
2020-06-12 20:18:29,271 {'allowed_methods': None, 'battery_percentage': 0.0, 'battery_time_remaining': 0, 'distance_to_next_target': 0.0621182918548584, 'errors': [], 'footprint': '[[0.506,-0.32],[0.506,0.32],[-0.454,0.32],[-0.454,-0.32]]', 'joystick_low_speed_mode_enabled': False, 'joystick_web_session_id': '', 'map_id': '18018895-aa56-11ea-8719-94c691a73989', 'mission_queue_id': 2420, 'mission_queue_url': '/v2.0.0/mission_queue/2420', 'mission_text': 'Waiting for new missions...', 'mode_id': 7, 'mode_key_state': 'idle', 'mode_text': 'Mission', 'moved': 4966.804150818484, 'position': {'orientation': -89.52725982666016, 'x': 29.50880241394043, 'y': 25.67801284790039}, 'robot_model': 'MiR200', 'robot_name': 'MiR_S866', 'safety_system_muted': False, 'serial_number': '190200012000866', 'session_id': '73b780d4-968a-11e9-b7b8-94c691a73989', 'state_id': 3, 'state_text': 'Ready', 'unloaded_map_changes': False, 'uptime': 35654, 'user_prompt': None, 'velocity': {'angular': 0.0, 'linear': 0.0}}
2020-06-12 20:18:29,272 Robot:0 successfully readied
2020-06-12 20:18:29,369 Pausing robot: 0
2020-06-12 20:18:29,566 {'allowed_methods': None, 'battery_percentage': 0.0, 'battery_time_remaining': 0, 'distance_to_next_target': 0.0621182918548584, 'errors': [], 'footprint': '[[0.506,-0.32],[0.506,0.32],[-0.454,0.32],[-0.454,-0.32]]', 'joystick_low_speed_mode_enabled': False, 'joystick_web_session_id': '', 'map_id': '18018895-aa56-11ea-8719-94c691a73989', 'mission_queue_id': 2420, 'mission_queue_url': '/v2.0.0/mission_queue/2420', 'mission_text': "Moving to 'Receive_Items' (Planning)", 'mode_id': 7, 'mode_key_state': 'idle', 'mode_text': 'Mission', 'moved': 4966.804150818484, 'position': {'orientation': -89.52725982666016, 'x': 29.50880241394043, 'y': 25.67801284790039}, 'robot_model': 'MiR200', 'robot_name': 'MiR_S866', 'safety_system_muted': False, 'serial_number': '190200012000866', 'session_id': '73b780d4-968a-11e9-b7b8-94c691a73989', 'state_id': 4, 'state_text': 'Pause', 'unloaded_map_changes': False, 'uptime': 35655, 'user_prompt': None, 'velocity': {'angular': 0.0, 'linear': 0.0}}
2020-06-12 20:18:29,566 Robot:0 successfully paused
2020-06-12 20:18:29,566 Sending Delete command to url:http://192.168.12.20/api/v2.0.0/mission_queue
2020-06-12 20:18:29,778 {'allowed_methods': ['PUT', 'GET', 'DELETE'], 'created_by': '/v2.0.0/users/mirconst-guid-0000-0005-users0000000', 'created_by_id': 'mirconst-guid-0000-0005-users0000000', 'created_by_name': 'Administrator', 'docking_offsets': '/v2.0.0/positions/ee248821-aa5b-11ea-8719-94c691a73989/docking_offsets', 'guid': 'ee248821-aa5b-11ea-8719-94c691a73989', 'help_positions': '/v2.0.0/positions/ee248821-aa5b-11ea-8719-94c691a73989/helper_positions', 'map': '/v2.0.0/maps/18018895-aa56-11ea-8719-94c691a73989', 'map_id': '18018895-aa56-11ea-8719-94c691a73989', 'name': 'Receive_Items', 'orientation': -90.0, 'parent': None, 'parent_id': None, 'pos_x': 29.5, 'pos_y': 25.700000762939453, 'type': '/v2.0.0/position_types/0', 'type_id': 0}
2020-06-12 20:18:29,946 {'actions': '/v2.0.0/mission_queue/2421/actions', 'allowed_methods': ['PUT', 'GET', 'DELETE'], 'control_posid': None, 'control_state': 0, 'created_by': '/v2.0.0/users/mirconst-guid-0000-0005-users0000000', 'created_by_id': 'mirconst-guid-0000-0005-users0000000', 'created_by_name': 'Administrator', 'description': '', 'finished': None, 'id': 2421, 'message': '', 'mission': '/v2.0.0/missions/cb72bc7a-aa63-11ea-8719-94c691a73989', 'mission_id': 'cb72bc7a-aa63-11ea-8719-94c691a73989', 'ordered': '2020-06-12T21:14:06', 'parameters': None, 'priority': 1, 'started': None, 'state': 'Pending'}
2020-06-12 20:18:29,946 Readying robot: 0
2020-06-12 20:18:30,129 {'allowed_methods': None, 'battery_percentage': 0.0, 'battery_time_remaining': 0, 'distance_to_next_target': 0.0621182918548584, 'errors': [], 'footprint': '[[0.506,-0.32],[0.506,0.32],[-0.454,0.32],[-0.454,-0.32]]', 'joystick_low_speed_mode_enabled': False, 'joystick_web_session_id': '', 'map_id': '18018895-aa56-11ea-8719-94c691a73989', 'mission_queue_id': 2421, 'mission_queue_url': '/v2.0.0/mission_queue/2421', 'mission_text': 'Waiting for new missions...', 'mode_id': 7, 'mode_key_state': 'idle', 'mode_text': 'Mission', 'moved': 4966.804150818484, 'position': {'orientation': -89.52725982666016, 'x': 29.50880241394043, 'y': 25.67801284790039}, 'robot_model': 'MiR200', 'robot_name': 'MiR_S866', 'safety_system_muted': False, 'serial_number': '190200012000866', 'session_id': '73b780d4-968a-11e9-b7b8-94c691a73989', 'state_id': 3, 'state_text': 'Ready', 'unloaded_map_changes': False, 'uptime': 35655, 'user_prompt': None, 'velocity': {'angular': 0.0, 'linear': 0.0}}
2020-06-12 20:18:30,129 Robot:0 successfully readied
2020-06-12 20:19:51,539 Index out of range. Getting all available data
2020-06-12 20:19:51,539 Getting data for robot: 0
2020-06-12 20:19:51,574 Data successfuly retrieved for robot:0
2020-06-12 20:19:51,574 Index out of range. Getting all available data
2020-06-12 20:19:51,575 Getting data for robot: 0
2020-06-12 20:19:51,603 Data successfuly retrieved for robot:0
2020-06-12 20:19:51,657 Index out of range. Getting all available data
2020-06-12 20:19:51,657 Getting data for robot: 0
2020-06-12 20:19:51,700 Data successfuly retrieved for robot:0
2020-06-12 20:19:51,701 Index out of range. Getting all available data
2020-06-12 20:19:51,701 Getting data for robot: 0
2020-06-12 20:19:51,741 Data successfuly retrieved for robot:0
2020-06-12 20:19:51,795 Index out of range. Getting all available data
2020-06-12 20:19:51,795 Getting data for robot: 0
2020-06-12 20:19:51,843 Data successfuly retrieved for robot:0
2020-06-12 20:19:51,843 Index out of range. Getting all available data
2020-06-12 20:19:51,843 Getting data for robot: 0
2020-06-12 20:19:51,884 Data successfuly retrieved for robot:0
2020-06-12 20:19:51,948 Index out of range. Getting all available data
2020-06-12 20:19:51,948 Getting data for robot: 0
2020-06-12 20:19:51,987 Data successfuly retrieved for robot:0
2020-06-12 20:19:51,987 Index out of range. Getting all available data
2020-06-12 20:19:51,987 Getting data for robot: 0
2020-06-12 20:19:52,033 Data successfuly retrieved for robot:0
2020-06-12 20:20:11,903 Index out of range. Getting all available data
2020-06-12 20:20:11,903 Getting data for robot: 0
2020-06-12 20:20:11,938 Data successfuly retrieved for robot:0
2020-06-12 20:20:11,938 Index out of range. Getting all available data
2020-06-12 20:20:11,938 Getting data for robot: 0
2020-06-12 20:20:11,979 Data successfuly retrieved for robot:0
2020-06-12 20:20:12,038 Index out of range. Getting all available data
2020-06-12 20:20:12,038 Getting data for robot: 0
2020-06-12 20:20:12,074 Data successfuly retrieved for robot:0
2020-06-12 20:20:12,074 Index out of range. Getting all available data
2020-06-12 20:20:12,075 Getting data for robot: 0
2020-06-12 20:20:12,102 Data successfuly retrieved for robot:0
2020-06-12 20:20:12,161 Index out of range. Getting all available data
2020-06-12 20:20:12,161 Getting data for robot: 0
2020-06-12 20:20:12,203 Data successfuly retrieved for robot:0
2020-06-12 20:20:12,203 Index out of range. Getting all available data
2020-06-12 20:20:12,204 Getting data for robot: 0
2020-06-12 20:20:12,244 Data successfuly retrieved for robot:0
2020-06-12 20:20:12,310 Index out of range. Getting all available data
2020-06-12 20:20:12,310 Getting data for robot: 0
2020-06-12 20:20:12,349 Data successfuly retrieved for robot:0
2020-06-12 20:20:12,349 Index out of range. Getting all available data
2020-06-12 20:20:12,349 Getting data for robot: 0
2020-06-12 20:20:12,392 Data successfuly retrieved for robot:0
2020-06-12 20:20:41,140 Pausing robot: 0
2020-06-12 20:20:41,243 {'allowed_methods': None, 'battery_percentage': 0.0, 'battery_time_remaining': 0, 'distance_to_next_target': 0.0621182918548584, 'errors': [], 'footprint': '[[0.506,-0.32],[0.506,0.32],[-0.454,0.32],[-0.454,-0.32]]', 'joystick_low_speed_mode_enabled': False, 'joystick_web_session_id': '', 'map_id': '18018895-aa56-11ea-8719-94c691a73989', 'mission_queue_id': None, 'mission_queue_url': None, 'mission_text': 'Waiting for new missions...', 'mode_id': 7, 'mode_key_state': 'idle', 'mode_text': 'Mission', 'moved': 4966.804150818484, 'position': {'orientation': -89.52725982666016, 'x': 29.50880241394043, 'y': 25.67801284790039}, 'robot_model': 'MiR200', 'robot_name': 'MiR_S866', 'safety_system_muted': False, 'serial_number': '190200012000866', 'session_id': '73b780d4-968a-11e9-b7b8-94c691a73989', 'state_id': 4, 'state_text': 'Pause', 'unloaded_map_changes': False, 'uptime': 35786, 'user_prompt': None, 'velocity': {'angular': 0.0, 'linear': 0.0}}
2020-06-12 20:20:41,243 Robot:0 successfully paused
2020-06-12 20:20:41,243 Sending Delete command to url:http://192.168.12.20/api/v2.0.0/mission_queue
2020-06-12 20:20:41,441 {'allowed_methods': ['PUT', 'GET', 'DELETE'], 'created_by': '/v2.0.0/users/mirconst-guid-0000-0005-users0000000', 'created_by_id': 'mirconst-guid-0000-0005-users0000000', 'created_by_name': 'Administrator', 'docking_offsets': '/v2.0.0/positions/ee248821-aa5b-11ea-8719-94c691a73989/docking_offsets', 'guid': 'ee248821-aa5b-11ea-8719-94c691a73989', 'help_positions': '/v2.0.0/positions/ee248821-aa5b-11ea-8719-94c691a73989/helper_positions', 'map': '/v2.0.0/maps/18018895-aa56-11ea-8719-94c691a73989', 'map_id': '18018895-aa56-11ea-8719-94c691a73989', 'name': 'Receive_Items', 'orientation': 90.0, 'parent': None, 'parent_id': None, 'pos_x': 29.5, 'pos_y': 22.885250091552734, 'type': '/v2.0.0/position_types/0', 'type_id': 0}
2020-06-12 20:20:41,593 {'actions': '/v2.0.0/mission_queue/2422/actions', 'allowed_methods': ['PUT', 'GET', 'DELETE'], 'control_posid': None, 'control_state': 0, 'created_by': '/v2.0.0/users/mirconst-guid-0000-0005-users0000000', 'created_by_id': 'mirconst-guid-0000-0005-users0000000', 'created_by_name': 'Administrator', 'description': '', 'finished': None, 'id': 2422, 'message': '', 'mission': '/v2.0.0/missions/cb72bc7a-aa63-11ea-8719-94c691a73989', 'mission_id': 'cb72bc7a-aa63-11ea-8719-94c691a73989', 'ordered': '2020-06-12T21:16:18', 'parameters': None, 'priority': 1, 'started': None, 'state': 'Pending'}
2020-06-12 20:20:41,594 Readying robot: 0
2020-06-12 20:20:41,713 {'allowed_methods': None, 'battery_percentage': 0.0, 'battery_time_remaining': 0, 'distance_to_next_target': 0.0621182918548584, 'errors': [], 'footprint': '[[0.506,-0.32],[0.506,0.32],[-0.454,0.32],[-0.454,-0.32]]', 'joystick_low_speed_mode_enabled': False, 'joystick_web_session_id': '', 'map_id': '18018895-aa56-11ea-8719-94c691a73989', 'mission_queue_id': 2422, 'mission_queue_url': '/v2.0.0/mission_queue/2422', 'mission_text': 'Waiting for new missions...', 'mode_id': 7, 'mode_key_state': 'idle', 'mode_text': 'Mission', 'moved': 4966.804150818484, 'position': {'orientation': -89.52725982666016, 'x': 29.50880241394043, 'y': 25.67801284790039}, 'robot_model': 'MiR200', 'robot_name': 'MiR_S866', 'safety_system_muted': False, 'serial_number': '190200012000866', 'session_id': '73b780d4-968a-11e9-b7b8-94c691a73989', 'state_id': 3, 'state_text': 'Ready', 'unloaded_map_changes': False, 'uptime': 35787, 'user_prompt': None, 'velocity': {'angular': 0.0, 'linear': 0.0}}
2020-06-12 20:20:41,713 Robot:0 successfully readied
2020-06-12 20:20:41,768 Pausing robot: 0
2020-06-12 20:20:42,007 {'allowed_methods': None, 'battery_percentage': 0.0, 'battery_time_remaining': 0, 'distance_to_next_target': 0.0621182918548584, 'errors': [], 'footprint': '[[0.506,-0.32],[0.506,0.32],[-0.454,0.32],[-0.454,-0.32]]', 'joystick_low_speed_mode_enabled': False, 'joystick_web_session_id': '', 'map_id': '18018895-aa56-11ea-8719-94c691a73989', 'mission_queue_id': 2422, 'mission_queue_url': '/v2.0.0/mission_queue/2422', 'mission_text': "Moving to 'Receive_Items' (Planning)", 'mode_id': 7, 'mode_key_state': 'idle', 'mode_text': 'Mission', 'moved': 4966.804150818484, 'position': {'orientation': -89.52725982666016, 'x': 29.50880241394043, 'y': 25.67801284790039}, 'robot_model': 'MiR200', 'robot_name': 'MiR_S866', 'safety_system_muted': False, 'serial_number': '190200012000866', 'session_id': '73b780d4-968a-11e9-b7b8-94c691a73989', 'state_id': 4, 'state_text': 'Pause', 'unloaded_map_changes': False, 'uptime': 35787, 'user_prompt': None, 'velocity': {'angular': 0.0, 'linear': 0.0}}
2020-06-12 20:20:42,007 Robot:0 successfully paused
2020-06-12 20:20:42,007 Sending Delete command to url:http://192.168.12.20/api/v2.0.0/mission_queue
2020-06-12 20:20:42,243 {'allowed_methods': ['PUT', 'GET', 'DELETE'], 'created_by': '/v2.0.0/users/mirconst-guid-0000-0005-users0000000', 'created_by_id': 'mirconst-guid-0000-0005-users0000000', 'created_by_name': 'Administrator', 'docking_offsets': '/v2.0.0/positions/ee248821-aa5b-11ea-8719-94c691a73989/docking_offsets', 'guid': 'ee248821-aa5b-11ea-8719-94c691a73989', 'help_positions': '/v2.0.0/positions/ee248821-aa5b-11ea-8719-94c691a73989/helper_positions', 'map': '/v2.0.0/maps/18018895-aa56-11ea-8719-94c691a73989', 'map_id': '18018895-aa56-11ea-8719-94c691a73989', 'name': 'Receive_Items', 'orientation': 90.0, 'parent': None, 'parent_id': None, 'pos_x': 29.5, 'pos_y': 22.885250091552734, 'type': '/v2.0.0/position_types/0', 'type_id': 0}
2020-06-12 20:20:42,750 {'actions': '/v2.0.0/mission_queue/2423/actions', 'allowed_methods': ['PUT', 'GET', 'DELETE'], 'control_posid': None, 'control_state': 0, 'created_by': '/v2.0.0/users/mirconst-guid-0000-0005-users0000000', 'created_by_id': 'mirconst-guid-0000-0005-users0000000', 'created_by_name': 'Administrator', 'description': '', 'finished': None, 'id': 2423, 'message': '', 'mission': '/v2.0.0/missions/cb72bc7a-aa63-11ea-8719-94c691a73989', 'mission_id': 'cb72bc7a-aa63-11ea-8719-94c691a73989', 'ordered': '2020-06-12T21:16:19', 'parameters': None, 'priority': 1, 'started': None, 'state': 'Pending'}
2020-06-12 20:20:42,751 Readying robot: 0
2020-06-12 20:20:42,868 {'allowed_methods': None, 'battery_percentage': 0.0, 'battery_time_remaining': 0, 'distance_to_next_target': 0.0621182918548584, 'errors': [], 'footprint': '[[0.506,-0.32],[0.506,0.32],[-0.454,0.32],[-0.454,-0.32]]', 'joystick_low_speed_mode_enabled': False, 'joystick_web_session_id': '', 'map_id': '18018895-aa56-11ea-8719-94c691a73989', 'mission_queue_id': 2423, 'mission_queue_url': '/v2.0.0/mission_queue/2423', 'mission_text': 'Waiting for new missions...', 'mode_id': 7, 'mode_key_state': 'idle', 'mode_text': 'Mission', 'moved': 4966.804150818484, 'position': {'orientation': -89.52725982666016, 'x': 29.50880241394043, 'y': 25.67801284790039}, 'robot_model': 'MiR200', 'robot_name': 'MiR_S866', 'safety_system_muted': False, 'serial_number': '190200012000866', 'session_id': '73b780d4-968a-11e9-b7b8-94c691a73989', 'state_id': 3, 'state_text': 'Ready', 'unloaded_map_changes': False, 'uptime': 35788, 'user_prompt': None, 'velocity': {'angular': 0.0, 'linear': 0.0}}
2020-06-12 20:20:42,868 Robot:0 successfully readied
2020-06-12 20:20:42,958 Pausing robot: 0
2020-06-12 20:20:43,189 {'allowed_methods': None, 'battery_percentage': 0.0, 'battery_time_remaining': 0, 'distance_to_next_target': 0.0621182918548584, 'errors': [], 'footprint': '[[0.506,-0.32],[0.506,0.32],[-0.454,0.32],[-0.454,-0.32]]', 'joystick_low_speed_mode_enabled': False, 'joystick_web_session_id': '', 'map_id': '18018895-aa56-11ea-8719-94c691a73989', 'mission_queue_id': 2423, 'mission_queue_url': '/v2.0.0/mission_queue/2423', 'mission_text': "Moving to 'Receive_Items' (Planning)", 'mode_id': 7, 'mode_key_state': 'idle', 'mode_text': 'Mission', 'moved': 4966.804150818484, 'position': {'orientation': -89.52725982666016, 'x': 29.50880241394043, 'y': 25.67801284790039}, 'robot_model': 'MiR200', 'robot_name': 'MiR_S866', 'safety_system_muted': False, 'serial_number': '190200012000866', 'session_id': '73b780d4-968a-11e9-b7b8-94c691a73989', 'state_id': 4, 'state_text': 'Pause', 'unloaded_map_changes': False, 'uptime': 35788, 'user_prompt': None, 'velocity': {'angular': 0.0, 'linear': 0.0}}
2020-06-12 20:20:43,189 Robot:0 successfully paused
2020-06-12 20:20:43,189 Sending Delete command to url:http://192.168.12.20/api/v2.0.0/mission_queue
2020-06-12 20:20:43,413 {'allowed_methods': ['PUT', 'GET', 'DELETE'], 'created_by': '/v2.0.0/users/mirconst-guid-0000-0005-users0000000', 'created_by_id': 'mirconst-guid-0000-0005-users0000000', 'created_by_name': 'Administrator', 'docking_offsets': '/v2.0.0/positions/ee248821-aa5b-11ea-8719-94c691a73989/docking_offsets', 'guid': 'ee248821-aa5b-11ea-8719-94c691a73989', 'help_positions': '/v2.0.0/positions/ee248821-aa5b-11ea-8719-94c691a73989/helper_positions', 'map': '/v2.0.0/maps/18018895-aa56-11ea-8719-94c691a73989', 'map_id': '18018895-aa56-11ea-8719-94c691a73989', 'name': 'Receive_Items', 'orientation': 90.0, 'parent': None, 'parent_id': None, 'pos_x': 29.5, 'pos_y': 22.885250091552734, 'type': '/v2.0.0/position_types/0', 'type_id': 0}
2020-06-12 20:20:43,548 {'actions': '/v2.0.0/mission_queue/2424/actions', 'allowed_methods': ['PUT', 'GET', 'DELETE'], 'control_posid': None, 'control_state': 0, 'created_by': '/v2.0.0/users/mirconst-guid-0000-0005-users0000000', 'created_by_id': 'mirconst-guid-0000-0005-users0000000', 'created_by_name': 'Administrator', 'description': '', 'finished': None, 'id': 2424, 'message': '', 'mission': '/v2.0.0/missions/cb72bc7a-aa63-11ea-8719-94c691a73989', 'mission_id': 'cb72bc7a-aa63-11ea-8719-94c691a73989', 'ordered': '2020-06-12T21:16:20', 'parameters': None, 'priority': 1, 'started': None, 'state': 'Pending'}
2020-06-12 20:20:43,549 Readying robot: 0
2020-06-12 20:20:43,689 {'allowed_methods': None, 'battery_percentage': 0.0, 'battery_time_remaining': 0, 'distance_to_next_target': 0.0621182918548584, 'errors': [], 'footprint': '[[0.506,-0.32],[0.506,0.32],[-0.454,0.32],[-0.454,-0.32]]', 'joystick_low_speed_mode_enabled': False, 'joystick_web_session_id': '', 'map_id': '18018895-aa56-11ea-8719-94c691a73989', 'mission_queue_id': 2424, 'mission_queue_url': '/v2.0.0/mission_queue/2424', 'mission_text': 'Waiting for new missions...', 'mode_id': 7, 'mode_key_state': 'idle', 'mode_text': 'Mission', 'moved': 4966.804150818484, 'position': {'orientation': -89.52725982666016, 'x': 29.50880241394043, 'y': 25.67801284790039}, 'robot_model': 'MiR200', 'robot_name': 'MiR_S866', 'safety_system_muted': False, 'serial_number': '190200012000866', 'session_id': '73b780d4-968a-11e9-b7b8-94c691a73989', 'state_id': 3, 'state_text': 'Ready', 'unloaded_map_changes': False, 'uptime': 35789, 'user_prompt': None, 'velocity': {'angular': 0.0, 'linear': 0.0}}
2020-06-12 20:20:43,690 Robot:0 successfully readied
2020-06-12 20:20:43,778 Pausing robot: 0
2020-06-12 20:20:43,994 {'allowed_methods': None, 'battery_percentage': 0.0, 'battery_time_remaining': 0, 'distance_to_next_target': 0.0621182918548584, 'errors': [], 'footprint': '[[0.506,-0.32],[0.506,0.32],[-0.454,0.32],[-0.454,-0.32]]', 'joystick_low_speed_mode_enabled': False, 'joystick_web_session_id': '', 'map_id': '18018895-aa56-11ea-8719-94c691a73989', 'mission_queue_id': 2424, 'mission_queue_url': '/v2.0.0/mission_queue/2424', 'mission_text': "Moving to 'Receive_Items' (Planning)", 'mode_id': 7, 'mode_key_state': 'idle', 'mode_text': 'Mission', 'moved': 4966.804150818484, 'position': {'orientation': -89.52725982666016, 'x': 29.50880241394043, 'y': 25.67801284790039}, 'robot_model': 'MiR200', 'robot_name': 'MiR_S866', 'safety_system_muted': False, 'serial_number': '190200012000866', 'session_id': '73b780d4-968a-11e9-b7b8-94c691a73989', 'state_id': 4, 'state_text': 'Pause', 'unloaded_map_changes': False, 'uptime': 35789, 'user_prompt': None, 'velocity': {'angular': 0.0, 'linear': 0.0}}
2020-06-12 20:20:43,994 Robot:0 successfully paused
2020-06-12 20:20:43,995 Sending Delete command to url:http://192.168.12.20/api/v2.0.0/mission_queue
2020-06-12 20:20:44,220 {'allowed_methods': ['PUT', 'GET', 'DELETE'], 'created_by': '/v2.0.0/users/mirconst-guid-0000-0005-users0000000', 'created_by_id': 'mirconst-guid-0000-0005-users0000000', 'created_by_name': 'Administrator', 'docking_offsets': '/v2.0.0/positions/ee248821-aa5b-11ea-8719-94c691a73989/docking_offsets', 'guid': 'ee248821-aa5b-11ea-8719-94c691a73989', 'help_positions': '/v2.0.0/positions/ee248821-aa5b-11ea-8719-94c691a73989/helper_positions', 'map': '/v2.0.0/maps/18018895-aa56-11ea-8719-94c691a73989', 'map_id': '18018895-aa56-11ea-8719-94c691a73989', 'name': 'Receive_Items', 'orientation': 90.0, 'parent': None, 'parent_id': None, 'pos_x': 29.5, 'pos_y': 22.885250091552734, 'type': '/v2.0.0/position_types/0', 'type_id': 0}
2020-06-12 20:20:44,368 {'actions': '/v2.0.0/mission_queue/2425/actions', 'allowed_methods': ['PUT', 'GET', 'DELETE'], 'control_posid': None, 'control_state': 0, 'created_by': '/v2.0.0/users/mirconst-guid-0000-0005-users0000000', 'created_by_id': 'mirconst-guid-0000-0005-users0000000', 'created_by_name': 'Administrator', 'description': '', 'finished': None, 'id': 2425, 'message': '', 'mission': '/v2.0.0/missions/cb72bc7a-aa63-11ea-8719-94c691a73989', 'mission_id': 'cb72bc7a-aa63-11ea-8719-94c691a73989', 'ordered': '2020-06-12T21:16:21', 'parameters': None, 'priority': 1, 'started': None, 'state': 'Pending'}
2020-06-12 20:20:44,368 Readying robot: 0
2020-06-12 20:20:44,489 {'allowed_methods': None, 'battery_percentage': 0.0, 'battery_time_remaining': 0, 'distance_to_next_target': 0.0621182918548584, 'errors': [], 'footprint': '[[0.506,-0.32],[0.506,0.32],[-0.454,0.32],[-0.454,-0.32]]', 'joystick_low_speed_mode_enabled': False, 'joystick_web_session_id': '', 'map_id': '18018895-aa56-11ea-8719-94c691a73989', 'mission_queue_id': 2425, 'mission_queue_url': '/v2.0.0/mission_queue/2425', 'mission_text': 'Waiting for new missions...', 'mode_id': 7, 'mode_key_state': 'idle', 'mode_text': 'Mission', 'moved': 4966.804150818484, 'position': {'orientation': -89.52725982666016, 'x': 29.50880241394043, 'y': 25.67801284790039}, 'robot_model': 'MiR200', 'robot_name': 'MiR_S866', 'safety_system_muted': False, 'serial_number': '190200012000866', 'session_id': '73b780d4-968a-11e9-b7b8-94c691a73989', 'state_id': 3, 'state_text': 'Ready', 'unloaded_map_changes': False, 'uptime': 35790, 'user_prompt': None, 'velocity': {'angular': 0.0, 'linear': 0.0}}
2020-06-12 20:20:44,489 Robot:0 successfully readied
2020-06-12 20:20:44,578 Pausing robot: 0
2020-06-12 20:20:44,866 {'allowed_methods': None, 'battery_percentage': 0.0, 'battery_time_remaining': 0, 'distance_to_next_target': 0.0621182918548584, 'errors': [], 'footprint': '[[0.506,-0.32],[0.506,0.32],[-0.454,0.32],[-0.454,-0.32]]', 'joystick_low_speed_mode_enabled': False, 'joystick_web_session_id': '', 'map_id': '18018895-aa56-11ea-8719-94c691a73989', 'mission_queue_id': 2425, 'mission_queue_url': '/v2.0.0/mission_queue/2425', 'mission_text': "Moving to 'Receive_Items' (Planning)", 'mode_id': 7, 'mode_key_state': 'idle', 'mode_text': 'Mission', 'moved': 4966.804150818484, 'position': {'orientation': -89.52725982666016, 'x': 29.50880241394043, 'y': 25.67801284790039}, 'robot_model': 'MiR200', 'robot_name': 'MiR_S866', 'safety_system_muted': False, 'serial_number': '190200012000866', 'session_id': '73b780d4-968a-11e9-b7b8-94c691a73989', 'state_id': 4, 'state_text': 'Pause', 'unloaded_map_changes': False, 'uptime': 35790, 'user_prompt': None, 'velocity': {'angular': 0.0, 'linear': 0.0}}
2020-06-12 20:20:44,867 Robot:0 successfully paused
2020-06-12 20:20:44,867 Sending Delete command to url:http://192.168.12.20/api/v2.0.0/mission_queue
2020-06-12 20:20:45,076 {'allowed_methods': ['PUT', 'GET', 'DELETE'], 'created_by': '/v2.0.0/users/mirconst-guid-0000-0005-users0000000', 'created_by_id': 'mirconst-guid-0000-0005-users0000000', 'created_by_name': 'Administrator', 'docking_offsets': '/v2.0.0/positions/ee248821-aa5b-11ea-8719-94c691a73989/docking_offsets', 'guid': 'ee248821-aa5b-11ea-8719-94c691a73989', 'help_positions': '/v2.0.0/positions/ee248821-aa5b-11ea-8719-94c691a73989/helper_positions', 'map': '/v2.0.0/maps/18018895-aa56-11ea-8719-94c691a73989', 'map_id': '18018895-aa56-11ea-8719-94c691a73989', 'name': 'Receive_Items', 'orientation': 90.0, 'parent': None, 'parent_id': None, 'pos_x': 29.5, 'pos_y': 22.885250091552734, 'type': '/v2.0.0/position_types/0', 'type_id': 0}
2020-06-12 20:20:45,215 {'actions': '/v2.0.0/mission_queue/2426/actions', 'allowed_methods': ['PUT', 'GET', 'DELETE'], 'control_posid': None, 'control_state': 0, 'created_by': '/v2.0.0/users/mirconst-guid-0000-0005-users0000000', 'created_by_id': 'mirconst-guid-0000-0005-users0000000', 'created_by_name': 'Administrator', 'description': '', 'finished': None, 'id': 2426, 'message': '', 'mission': '/v2.0.0/missions/cb72bc7a-aa63-11ea-8719-94c691a73989', 'mission_id': 'cb72bc7a-aa63-11ea-8719-94c691a73989', 'ordered': '2020-06-12T21:16:22', 'parameters': None, 'priority': 1, 'started': None, 'state': 'Pending'}
2020-06-12 20:20:45,216 Readying robot: 0
2020-06-12 20:20:45,351 {'allowed_methods': None, 'battery_percentage': 0.0, 'battery_time_remaining': 0, 'distance_to_next_target': 0.0621182918548584, 'errors': [], 'footprint': '[[0.506,-0.32],[0.506,0.32],[-0.454,0.32],[-0.454,-0.32]]', 'joystick_low_speed_mode_enabled': False, 'joystick_web_session_id': '', 'map_id': '18018895-aa56-11ea-8719-94c691a73989', 'mission_queue_id': 2426, 'mission_queue_url': '/v2.0.0/mission_queue/2426', 'mission_text': 'Waiting for new missions...', 'mode_id': 7, 'mode_key_state': 'idle', 'mode_text': 'Mission', 'moved': 4966.804150818484, 'position': {'orientation': -89.52725982666016, 'x': 29.50880241394043, 'y': 25.67801284790039}, 'robot_model': 'MiR200', 'robot_name': 'MiR_S866', 'safety_system_muted': False, 'serial_number': '190200012000866', 'session_id': '73b780d4-968a-11e9-b7b8-94c691a73989', 'state_id': 3, 'state_text': 'Ready', 'unloaded_map_changes': False, 'uptime': 35790, 'user_prompt': None, 'velocity': {'angular': 0.0, 'linear': 0.0}}
2020-06-12 20:20:45,351 Robot:0 successfully readied
2020-06-12 20:20:45,404 Pausing robot: 0
2020-06-12 20:20:45,602 {'allowed_methods': None, 'battery_percentage': 0.0, 'battery_time_remaining': 0, 'distance_to_next_target': 0.0621182918548584, 'errors': [], 'footprint': '[[0.506,-0.32],[0.506,0.32],[-0.454,0.32],[-0.454,-0.32]]', 'joystick_low_speed_mode_enabled': False, 'joystick_web_session_id': '', 'map_id': '18018895-aa56-11ea-8719-94c691a73989', 'mission_queue_id': 2426, 'mission_queue_url': '/v2.0.0/mission_queue/2426', 'mission_text': "Moving to 'Receive_Items' (Planning)", 'mode_id': 7, 'mode_key_state': 'idle', 'mode_text': 'Mission', 'moved': 4966.804150818484, 'position': {'orientation': -89.52725982666016, 'x': 29.50880241394043, 'y': 25.67801284790039}, 'robot_model': 'MiR200', 'robot_name': 'MiR_S866', 'safety_system_muted': False, 'serial_number': '190200012000866', 'session_id': '73b780d4-968a-11e9-b7b8-94c691a73989', 'state_id': 4, 'state_text': 'Pause', 'unloaded_map_changes': False, 'uptime': 35791, 'user_prompt': None, 'velocity': {'angular': 0.0, 'linear': 0.0}}
2020-06-12 20:20:45,602 Robot:0 successfully paused
2020-06-12 20:20:45,602 Sending Delete command to url:http://192.168.12.20/api/v2.0.0/mission_queue
2020-06-12 20:20:45,819 {'allowed_methods': ['PUT', 'GET', 'DELETE'], 'created_by': '/v2.0.0/users/mirconst-guid-0000-0005-users0000000', 'created_by_id': 'mirconst-guid-0000-0005-users0000000', 'created_by_name': 'Administrator', 'docking_offsets': '/v2.0.0/positions/ee248821-aa5b-11ea-8719-94c691a73989/docking_offsets', 'guid': 'ee248821-aa5b-11ea-8719-94c691a73989', 'help_positions': '/v2.0.0/positions/ee248821-aa5b-11ea-8719-94c691a73989/helper_positions', 'map': '/v2.0.0/maps/18018895-aa56-11ea-8719-94c691a73989', 'map_id': '18018895-aa56-11ea-8719-94c691a73989', 'name': 'Receive_Items', 'orientation': 90.0, 'parent': None, 'parent_id': None, 'pos_x': 29.5, 'pos_y': 22.885250091552734, 'type': '/v2.0.0/position_types/0', 'type_id': 0}
2020-06-12 20:20:46,227 {'actions': '/v2.0.0/mission_queue/2427/actions', 'allowed_methods': ['PUT', 'GET', 'DELETE'], 'control_posid': None, 'control_state': 0, 'created_by': '/v2.0.0/users/mirconst-guid-0000-0005-users0000000', 'created_by_id': 'mirconst-guid-0000-0005-users0000000', 'created_by_name': 'Administrator', 'description': '', 'finished': None, 'id': 2427, 'message': '', 'mission': '/v2.0.0/missions/cb72bc7a-aa63-11ea-8719-94c691a73989', 'mission_id': 'cb72bc7a-aa63-11ea-8719-94c691a73989', 'ordered': '2020-06-12T21:16:22', 'parameters': None, 'priority': 1, 'started': None, 'state': 'Pending'}
2020-06-12 20:20:46,228 Readying robot: 0
2020-06-12 20:20:46,324 {'allowed_methods': None, 'battery_percentage': 0.0, 'battery_time_remaining': 0, 'distance_to_next_target': 0.0621182918548584, 'errors': [], 'footprint': '[[0.506,-0.32],[0.506,0.32],[-0.454,0.32],[-0.454,-0.32]]', 'joystick_low_speed_mode_enabled': False, 'joystick_web_session_id': '', 'map_id': '18018895-aa56-11ea-8719-94c691a73989', 'mission_queue_id': 2427, 'mission_queue_url': '/v2.0.0/mission_queue/2427', 'mission_text': 'Waiting for new missions...', 'mode_id': 7, 'mode_key_state': 'idle', 'mode_text': 'Mission', 'moved': 4966.804150818484, 'position': {'orientation': -89.52725982666016, 'x': 29.50880241394043, 'y': 25.67801284790039}, 'robot_model': 'MiR200', 'robot_name': 'MiR_S866', 'safety_system_muted': False, 'serial_number': '190200012000866', 'session_id': '73b780d4-968a-11e9-b7b8-94c691a73989', 'state_id': 3, 'state_text': 'Ready', 'unloaded_map_changes': False, 'uptime': 35791, 'user_prompt': None, 'velocity': {'angular': 0.0, 'linear': 0.0}}
2020-06-12 20:20:46,325 Robot:0 successfully readied
