2020-06-23 12:32:09,711 Successfully connected with MIR
2020-06-23 12:32:09,712 Index out of range. Getting all available data
2020-06-23 12:32:09,712 Getting data for robot: 0
2020-06-23 12:32:09,748 Data successfuly retrieved for robot:0
2020-06-23 12:32:09,769 Index out of range. Getting all available data
2020-06-23 12:32:09,769 Getting data for robot: 0
2020-06-23 12:32:10,028 Data successfuly retrieved for robot:0
2020-06-23 12:32:10,087 Index out of range. Getting all available data
2020-06-23 12:32:10,087 Getting data for robot: 0
2020-06-23 12:32:10,353 Data successfuly retrieved for robot:0
2020-06-23 12:32:10,412 Index out of range. Getting all available data
2020-06-23 12:32:10,412 Getting data for robot: 0
2020-06-23 12:32:10,664 Data successfuly retrieved for robot:0
2020-06-23 12:32:10,725 Index out of range. Getting all available data
2020-06-23 12:32:10,725 Getting data for robot: 0
2020-06-23 12:32:10,919 Data successfuly retrieved for robot:0
2020-06-23 12:32:10,978 Index out of range. Getting all available data
2020-06-23 12:32:10,978 Getting data for robot: 0
2020-06-23 12:32:11,011 Data successfuly retrieved for robot:0
2020-06-23 12:32:11,066 Index out of range. Getting all available data
2020-06-23 12:32:11,066 Getting data for robot: 0
2020-06-23 12:32:11,093 Data successfuly retrieved for robot:0
2020-06-23 12:32:11,147 Index out of range. Getting all available data
2020-06-23 12:32:11,147 Getting data for robot: 0
2020-06-23 12:32:11,211 Data successfuly retrieved for robot:0
2020-06-23 12:32:11,264 Index out of range. Getting all available data
2020-06-23 12:32:11,264 Getting data for robot: 0
2020-06-23 12:32:11,306 Data successfuly retrieved for robot:0
2020-06-23 12:32:11,360 Index out of range. Getting all available data
2020-06-23 12:32:11,360 Getting data for robot: 0
2020-06-23 12:32:11,401 Data successfuly retrieved for robot:0
2020-06-23 12:32:11,453 Index out of range. Getting all available data
2020-06-23 12:32:11,453 Getting data for robot: 0
2020-06-23 12:32:11,508 Data successfuly retrieved for robot:0
2020-06-23 12:32:11,561 Index out of range. Getting all available data
2020-06-23 12:32:11,561 Getting data for robot: 0
2020-06-23 12:32:11,649 Data successfuly retrieved for robot:0
2020-06-23 12:32:11,705 Index out of range. Getting all available data
2020-06-23 12:32:11,705 Getting data for robot: 0
2020-06-23 12:32:11,748 Data successfuly retrieved for robot:0
2020-06-23 12:32:11,802 Index out of range. Getting all available data
2020-06-23 12:32:11,802 Getting data for robot: 0
2020-06-23 12:32:11,841 Data successfuly retrieved for robot:0
2020-06-23 12:32:11,894 Index out of range. Getting all available data
2020-06-23 12:32:11,894 Getting data for robot: 0
2020-06-23 12:32:11,919 Data successfuly retrieved for robot:0
2020-06-23 12:32:11,971 Index out of range. Getting all available data
2020-06-23 12:32:11,971 Getting data for robot: 0
2020-06-23 12:32:12,011 Data successfuly retrieved for robot:0
2020-06-23 12:32:12,065 Index out of range. Getting all available data
2020-06-23 12:32:12,065 Getting data for robot: 0
2020-06-23 12:32:12,095 Data successfuly retrieved for robot:0
2020-06-23 12:32:12,147 Index out of range. Getting all available data
2020-06-23 12:32:12,147 Getting data for robot: 0
2020-06-23 12:32:12,183 Data successfuly retrieved for robot:0
2020-06-23 12:32:12,236 Index out of range. Getting all available data
2020-06-23 12:32:12,236 Getting data for robot: 0
2020-06-23 12:32:12,278 Data successfuly retrieved for robot:0
2020-06-23 12:32:12,331 Index out of range. Getting all available data
2020-06-23 12:32:12,331 Getting data for robot: 0
2020-06-23 12:32:12,370 Data successfuly retrieved for robot:0
2020-06-23 12:32:12,424 Index out of range. Getting all available data
2020-06-23 12:32:12,424 Getting data for robot: 0
2020-06-23 12:32:12,448 Data successfuly retrieved for robot:0
2020-06-23 12:32:12,508 Index out of range. Getting all available data
2020-06-23 12:32:12,508 Getting data for robot: 0
2020-06-23 12:32:12,555 Data successfuly retrieved for robot:0
2020-06-23 12:32:12,614 Index out of range. Getting all available data
2020-06-23 12:32:12,614 Getting data for robot: 0
2020-06-23 12:32:12,644 Data successfuly retrieved for robot:0
2020-06-23 12:32:12,706 Index out of range. Getting all available data
2020-06-23 12:32:12,706 Getting data for robot: 0
2020-06-23 12:32:12,735 Data successfuly retrieved for robot:0
2020-06-23 12:32:12,796 Index out of range. Getting all available data
2020-06-23 12:32:12,796 Getting data for robot: 0
2020-06-23 12:32:12,838 Data successfuly retrieved for robot:0
2020-06-23 12:32:12,898 Index out of range. Getting all available data
2020-06-23 12:32:12,898 Getting data for robot: 0
2020-06-23 12:32:12,930 Data successfuly retrieved for robot:0
2020-06-23 12:32:12,992 Index out of range. Getting all available data
2020-06-23 12:32:12,992 Getting data for robot: 0
2020-06-23 12:32:13,038 Data successfuly retrieved for robot:0
2020-06-23 12:32:13,099 Index out of range. Getting all available data
2020-06-23 12:32:13,099 Getting data for robot: 0
2020-06-23 12:32:13,141 Data successfuly retrieved for robot:0
2020-06-23 12:32:13,203 Index out of range. Getting all available data
2020-06-23 12:32:13,203 Getting data for robot: 0
2020-06-23 12:32:13,240 Data successfuly retrieved for robot:0
2020-06-23 12:32:13,304 Index out of range. Getting all available data
2020-06-23 12:32:13,304 Getting data for robot: 0
2020-06-23 12:32:13,351 Data successfuly retrieved for robot:0
2020-06-23 12:32:13,415 Index out of range. Getting all available data
2020-06-23 12:32:13,415 Getting data for robot: 0
2020-06-23 12:32:13,452 Data successfuly retrieved for robot:0
2020-06-23 12:32:13,514 Index out of range. Getting all available data
2020-06-23 12:32:13,514 Getting data for robot: 0
2020-06-23 12:32:13,561 Data successfuly retrieved for robot:0
2020-06-23 12:32:13,622 Index out of range. Getting all available data
2020-06-23 12:32:13,622 Getting data for robot: 0
2020-06-23 12:32:13,667 Data successfuly retrieved for robot:0
2020-06-23 12:32:13,728 Index out of range. Getting all available data
2020-06-23 12:32:13,728 Getting data for robot: 0
2020-06-23 12:32:13,778 Data successfuly retrieved for robot:0
2020-06-23 12:32:13,841 Index out of range. Getting all available data
2020-06-23 12:32:13,841 Getting data for robot: 0
2020-06-23 12:32:13,877 Data successfuly retrieved for robot:0
2020-06-23 12:32:13,938 Index out of range. Getting all available data
2020-06-23 12:32:13,938 Getting data for robot: 0
2020-06-23 12:32:13,970 Data successfuly retrieved for robot:0
2020-06-23 12:32:14,034 Index out of range. Getting all available data
2020-06-23 12:32:14,034 Getting data for robot: 0
2020-06-23 12:32:14,057 Data successfuly retrieved for robot:0
2020-06-23 12:32:14,120 Index out of range. Getting all available data
2020-06-23 12:32:14,120 Getting data for robot: 0
2020-06-23 12:32:14,161 Data successfuly retrieved for robot:0
2020-06-23 12:32:14,223 Index out of range. Getting all available data
2020-06-23 12:32:14,223 Getting data for robot: 0
2020-06-23 12:32:14,255 Data successfuly retrieved for robot:0
2020-06-23 12:32:14,320 Index out of range. Getting all available data
2020-06-23 12:32:14,320 Getting data for robot: 0
2020-06-23 12:32:14,359 Data successfuly retrieved for robot:0
2020-06-23 12:32:14,420 Index out of range. Getting all available data
2020-06-23 12:32:14,420 Getting data for robot: 0
2020-06-23 12:32:14,449 Data successfuly retrieved for robot:0
2020-06-23 12:32:14,513 Index out of range. Getting all available data
2020-06-23 12:32:14,513 Getting data for robot: 0
2020-06-23 12:32:14,554 Data successfuly retrieved for robot:0
2020-06-23 12:32:14,620 Index out of range. Getting all available data
2020-06-23 12:32:14,620 Getting data for robot: 0
2020-06-23 12:32:14,652 Data successfuly retrieved for robot:0
2020-06-23 12:32:14,715 Index out of range. Getting all available data
2020-06-23 12:32:14,715 Getting data for robot: 0
2020-06-23 12:32:14,752 Data successfuly retrieved for robot:0
2020-06-23 12:32:14,815 Index out of range. Getting all available data
2020-06-23 12:32:14,815 Getting data for robot: 0
2020-06-23 12:32:14,849 Data successfuly retrieved for robot:0
2020-06-23 12:32:14,915 Index out of range. Getting all available data
2020-06-23 12:32:14,915 Getting data for robot: 0
2020-06-23 12:32:14,954 Data successfuly retrieved for robot:0
2020-06-23 12:32:15,018 Index out of range. Getting all available data
2020-06-23 12:32:15,018 Getting data for robot: 0
2020-06-23 12:32:15,054 Data successfuly retrieved for robot:0
2020-06-23 12:32:15,118 Index out of range. Getting all available data
2020-06-23 12:32:15,118 Getting data for robot: 0
2020-06-23 12:32:15,159 Data successfuly retrieved for robot:0
2020-06-23 12:32:15,225 Index out of range. Getting all available data
2020-06-23 12:32:15,225 Getting data for robot: 0
2020-06-23 12:32:15,260 Data successfuly retrieved for robot:0
2020-06-23 12:32:15,321 Index out of range. Getting all available data
2020-06-23 12:32:15,321 Getting data for robot: 0
2020-06-23 12:32:15,360 Data successfuly retrieved for robot:0
2020-06-23 12:32:15,423 Index out of range. Getting all available data
2020-06-23 12:32:15,423 Getting data for robot: 0
2020-06-23 12:32:15,459 Data successfuly retrieved for robot:0
2020-06-23 12:32:15,521 Index out of range. Getting all available data
2020-06-23 12:32:15,521 Getting data for robot: 0
2020-06-23 12:32:15,549 Data successfuly retrieved for robot:0
2020-06-23 12:32:15,613 Index out of range. Getting all available data
2020-06-23 12:32:15,613 Getting data for robot: 0
2020-06-23 12:32:15,653 Data successfuly retrieved for robot:0
2020-06-23 12:32:15,718 Index out of range. Getting all available data
2020-06-23 12:32:15,718 Getting data for robot: 0
2020-06-23 12:32:15,761 Data successfuly retrieved for robot:0
2020-06-23 12:32:15,825 Index out of range. Getting all available data
2020-06-23 12:32:15,825 Getting data for robot: 0
2020-06-23 12:32:15,864 Data successfuly retrieved for robot:0
2020-06-23 12:32:15,928 Index out of range. Getting all available data
2020-06-23 12:32:15,928 Getting data for robot: 0
2020-06-23 12:32:15,969 Data successfuly retrieved for robot:0
2020-06-23 12:32:16,031 Index out of range. Getting all available data
2020-06-23 12:32:16,031 Getting data for robot: 0
2020-06-23 12:32:16,067 Data successfuly retrieved for robot:0
2020-06-23 12:32:16,131 Index out of range. Getting all available data
2020-06-23 12:32:16,131 Getting data for robot: 0
2020-06-23 12:32:16,169 Data successfuly retrieved for robot:0
2020-06-23 12:32:16,232 Index out of range. Getting all available data
2020-06-23 12:32:16,232 Getting data for robot: 0
2020-06-23 12:32:16,261 Data successfuly retrieved for robot:0
2020-06-23 12:32:16,324 Index out of range. Getting all available data
2020-06-23 12:32:16,324 Getting data for robot: 0
2020-06-23 12:32:16,360 Data successfuly retrieved for robot:0
2020-06-23 12:32:16,425 Index out of range. Getting all available data
2020-06-23 12:32:16,425 Getting data for robot: 0
2020-06-23 12:32:16,452 Data successfuly retrieved for robot:0
2020-06-23 12:32:16,516 Index out of range. Getting all available data
2020-06-23 12:32:16,516 Getting data for robot: 0
2020-06-23 12:32:16,553 Data successfuly retrieved for robot:0
2020-06-23 12:32:16,616 Index out of range. Getting all available data
2020-06-23 12:32:16,616 Getting data for robot: 0
2020-06-23 12:32:16,653 Data successfuly retrieved for robot:0
2020-06-23 12:32:16,716 Index out of range. Getting all available data
2020-06-23 12:32:16,716 Getting data for robot: 0
2020-06-23 12:32:16,740 Data successfuly retrieved for robot:0
2020-06-23 12:32:16,803 Index out of range. Getting all available data
2020-06-23 12:32:16,803 Getting data for robot: 0
2020-06-23 12:32:16,833 Data successfuly retrieved for robot:0
2020-06-23 12:32:16,895 Index out of range. Getting all available data
2020-06-23 12:32:16,895 Getting data for robot: 0
2020-06-23 12:32:16,936 Data successfuly retrieved for robot:0
2020-06-23 12:32:17,001 Index out of range. Getting all available data
2020-06-23 12:32:17,001 Getting data for robot: 0
2020-06-23 12:32:17,033 Data successfuly retrieved for robot:0
2020-06-23 12:32:17,097 Index out of range. Getting all available data
2020-06-23 12:32:17,097 Getting data for robot: 0
2020-06-23 12:32:17,124 Data successfuly retrieved for robot:0
2020-06-23 12:32:17,186 Index out of range. Getting all available data
2020-06-23 12:32:17,186 Getting data for robot: 0
2020-06-23 12:32:17,229 Data successfuly retrieved for robot:0
2020-06-23 12:32:17,292 Index out of range. Getting all available data
2020-06-23 12:32:17,292 Getting data for robot: 0
2020-06-23 12:32:17,337 Data successfuly retrieved for robot:0
2020-06-23 12:32:17,399 Index out of range. Getting all available data
2020-06-23 12:32:17,399 Getting data for robot: 0
2020-06-23 12:32:17,441 Data successfuly retrieved for robot:0
2020-06-23 12:32:17,505 Index out of range. Getting all available data
2020-06-23 12:32:17,505 Getting data for robot: 0
2020-06-23 12:32:17,549 Data successfuly retrieved for robot:0
2020-06-23 12:32:17,612 Index out of range. Getting all available data
2020-06-23 12:32:17,612 Getting data for robot: 0
2020-06-23 12:32:17,644 Data successfuly retrieved for robot:0
2020-06-23 12:32:17,708 Index out of range. Getting all available data
2020-06-23 12:32:17,708 Getting data for robot: 0
2020-06-23 12:32:17,738 Data successfuly retrieved for robot:0
2020-06-23 12:32:17,801 Index out of range. Getting all available data
2020-06-23 12:32:17,801 Getting data for robot: 0
2020-06-23 12:32:17,841 Data successfuly retrieved for robot:0
2020-06-23 12:32:17,903 Index out of range. Getting all available data
2020-06-23 12:32:17,903 Getting data for robot: 0
2020-06-23 12:32:17,947 Data successfuly retrieved for robot:0
2020-06-23 12:32:18,015 Index out of range. Getting all available data
2020-06-23 12:32:18,015 Getting data for robot: 0
2020-06-23 12:32:18,058 Data successfuly retrieved for robot:0
2020-06-23 12:32:18,122 Index out of range. Getting all available data
2020-06-23 12:32:18,122 Getting data for robot: 0
2020-06-23 12:32:18,148 Data successfuly retrieved for robot:0
2020-06-23 12:32:18,206 Index out of range. Getting all available data
2020-06-23 12:32:18,206 Getting data for robot: 0
2020-06-23 12:32:18,245 Data successfuly retrieved for robot:0
2020-06-23 12:32:18,307 Index out of range. Getting all available data
2020-06-23 12:32:18,307 Getting data for robot: 0
2020-06-23 12:32:18,348 Data successfuly retrieved for robot:0
2020-06-23 12:32:18,408 Index out of range. Getting all available data
2020-06-23 12:32:18,408 Getting data for robot: 0
2020-06-23 12:32:18,437 Data successfuly retrieved for robot:0
2020-06-23 12:32:18,495 Index out of range. Getting all available data
2020-06-23 12:32:18,495 Getting data for robot: 0
2020-06-23 12:32:18,535 Data successfuly retrieved for robot:0
2020-06-23 12:32:18,591 Index out of range. Getting all available data
2020-06-23 12:32:18,591 Getting data for robot: 0
2020-06-23 12:32:18,628 Data successfuly retrieved for robot:0
2020-06-23 12:32:18,680 Index out of range. Getting all available data
2020-06-23 12:32:18,680 Getting data for robot: 0
2020-06-23 12:32:18,720 Data successfuly retrieved for robot:0
2020-06-23 12:32:18,773 Index out of range. Getting all available data
2020-06-23 12:32:18,773 Getting data for robot: 0
2020-06-23 12:32:18,807 Data successfuly retrieved for robot:0
2020-06-23 12:32:18,863 Index out of range. Getting all available data
2020-06-23 12:32:18,863 Getting data for robot: 0
2020-06-23 12:32:18,898 Data successfuly retrieved for robot:0
2020-06-23 12:32:18,953 Index out of range. Getting all available data
2020-06-23 12:32:18,953 Getting data for robot: 0
2020-06-23 12:32:18,983 Data successfuly retrieved for robot:0
2020-06-23 12:32:19,036 Index out of range. Getting all available data
2020-06-23 12:32:19,036 Getting data for robot: 0
2020-06-23 12:32:19,063 Data successfuly retrieved for robot:0
2020-06-23 12:32:19,117 Index out of range. Getting all available data
2020-06-23 12:32:19,117 Getting data for robot: 0
2020-06-23 12:32:19,149 Data successfuly retrieved for robot:0
2020-06-23 12:32:19,201 Index out of range. Getting all available data
2020-06-23 12:32:19,201 Getting data for robot: 0
2020-06-23 12:32:19,239 Data successfuly retrieved for robot:0
2020-06-23 12:32:19,303 Pausing robot: 0
2020-06-23 12:32:19,400 {'allowed_methods': None, 'battery_percentage': 31.5, 'battery_time_remaining': 25194, 'distance_to_next_target': 0.05000000074505806, 'errors': [], 'footprint': '[[0.506,-0.32],[0.506,0.32],[-0.454,0.32],[-0.454,-0.32]]', 'joystick_low_speed_mode_enabled': False, 'joystick_web_session_id': '', 'map_id': '18018895-aa56-11ea-8719-94c691a73989', 'mission_queue_id': None, 'mission_queue_url': None, 'mission_text': 'Waiting for new missions...', 'mode_id': 7, 'mode_key_state': 'idle', 'mode_text': 'Mission', 'moved': 4979.402876443322, 'position': {'orientation': -89.60009002685547, 'x': 29.504039764404297, 'y': 25.682281494140625}, 'robot_model': 'MiR200', 'robot_name': 'MiR_S866', 'safety_system_muted': False, 'serial_number': '190200012000866', 'session_id': '73b780d4-968a-11e9-b7b8-94c691a73989', 'state_id': 4, 'state_text': 'Pause', 'unloaded_map_changes': False, 'uptime': 8399, 'user_prompt': None, 'velocity': {'angular': 0.0, 'linear': 0.0}}
2020-06-23 12:32:19,403 Robot:0 successfully paused
2020-06-23 12:32:19,403 Sending Delete command to url:http://192.168.12.20/api/v2.0.0/mission_queue
2020-06-23 12:32:19,645 {'allowed_methods': ['PUT', 'GET', 'DELETE'], 'created_by': '/v2.0.0/users/mirconst-guid-0000-0005-users0000000', 'created_by_id': 'mirconst-guid-0000-0005-users0000000', 'created_by_name': 'Administrator', 'docking_offsets': '/v2.0.0/positions/ee248821-aa5b-11ea-8719-94c691a73989/docking_offsets', 'guid': 'ee248821-aa5b-11ea-8719-94c691a73989', 'help_positions': '/v2.0.0/positions/ee248821-aa5b-11ea-8719-94c691a73989/helper_positions', 'map': '/v2.0.0/maps/18018895-aa56-11ea-8719-94c691a73989', 'map_id': '18018895-aa56-11ea-8719-94c691a73989', 'name': 'Receive_Items', 'orientation': 90.0, 'parent': None, 'parent_id': None, 'pos_x': 29.5, 'pos_y': 22.885250091552734, 'type': '/v2.0.0/position_types/0', 'type_id': 0}
2020-06-23 12:32:19,788 {'actions': '/v2.0.0/mission_queue/2432/actions', 'allowed_methods': ['PUT', 'GET', 'DELETE'], 'control_posid': None, 'control_state': 0, 'created_by': '/v2.0.0/users/mirconst-guid-0000-0005-users0000000', 'created_by_id': 'mirconst-guid-0000-0005-users0000000', 'created_by_name': 'Administrator', 'description': '', 'finished': None, 'id': 2432, 'message': '', 'mission': '/v2.0.0/missions/cb72bc7a-aa63-11ea-8719-94c691a73989', 'mission_id': 'cb72bc7a-aa63-11ea-8719-94c691a73989', 'ordered': '2020-06-23T13:27:38', 'parameters': None, 'priority': 1, 'started': None, 'state': 'Pending'}
2020-06-23 12:32:19,793 Readying robot: 0
2020-06-23 12:32:19,898 {'allowed_methods': None, 'battery_percentage': 31.5, 'battery_time_remaining': 25194, 'distance_to_next_target': 0.05000000074505806, 'errors': [], 'footprint': '[[0.506,-0.32],[0.506,0.32],[-0.454,0.32],[-0.454,-0.32]]', 'joystick_low_speed_mode_enabled': False, 'joystick_web_session_id': '', 'map_id': '18018895-aa56-11ea-8719-94c691a73989', 'mission_queue_id': 2432, 'mission_queue_url': '/v2.0.0/mission_queue/2432', 'mission_text': 'Waiting for new missions...', 'mode_id': 7, 'mode_key_state': 'idle', 'mode_text': 'Mission', 'moved': 4979.402876443322, 'position': {'orientation': -89.60009002685547, 'x': 29.504039764404297, 'y': 25.682281494140625}, 'robot_model': 'MiR200', 'robot_name': 'MiR_S866', 'safety_system_muted': False, 'serial_number': '190200012000866', 'session_id': '73b780d4-968a-11e9-b7b8-94c691a73989', 'state_id': 3, 'state_text': 'Ready', 'unloaded_map_changes': False, 'uptime': 8399, 'user_prompt': None, 'velocity': {'angular': 0.0, 'linear': 0.0}}
2020-06-23 12:32:19,905 Robot:0 successfully readied
2020-06-23 12:32:37,584 Pausing robot: 0
2020-06-23 12:32:37,714 {'allowed_methods': None, 'battery_percentage': 31.299999237060547, 'battery_time_remaining': 24702, 'distance_to_next_target': 0.08738081157207489, 'errors': [], 'footprint': '[[0.506,-0.32],[0.506,0.32],[-0.454,0.32],[-0.454,-0.32]]', 'joystick_low_speed_mode_enabled': False, 'joystick_web_session_id': '', 'map_id': '18018895-aa56-11ea-8719-94c691a73989', 'mission_queue_id': None, 'mission_queue_url': None, 'mission_text': 'Waiting for new missions...', 'mode_id': 7, 'mode_key_state': 'idle', 'mode_text': 'Mission', 'moved': 4982.207954413381, 'position': {'orientation': 90.87139129638672, 'x': 29.52629280090332, 'y': 22.958406448364258}, 'robot_model': 'MiR200', 'robot_name': 'MiR_S866', 'safety_system_muted': False, 'serial_number': '190200012000866', 'session_id': '73b780d4-968a-11e9-b7b8-94c691a73989', 'state_id': 4, 'state_text': 'Pause', 'unloaded_map_changes': False, 'uptime': 8417, 'user_prompt': None, 'velocity': {'angular': 0.0, 'linear': 0.0}}
2020-06-23 12:32:37,717 Robot:0 successfully paused
2020-06-23 12:32:37,717 Sending Delete command to url:http://192.168.12.20/api/v2.0.0/mission_queue
2020-06-23 12:32:38,044 {'allowed_methods': ['PUT', 'GET', 'DELETE'], 'created_by': '/v2.0.0/users/mirconst-guid-0000-0005-users0000000', 'created_by_id': 'mirconst-guid-0000-0005-users0000000', 'created_by_name': 'Administrator', 'docking_offsets': '/v2.0.0/positions/ee248821-aa5b-11ea-8719-94c691a73989/docking_offsets', 'guid': 'ee248821-aa5b-11ea-8719-94c691a73989', 'help_positions': '/v2.0.0/positions/ee248821-aa5b-11ea-8719-94c691a73989/helper_positions', 'map': '/v2.0.0/maps/18018895-aa56-11ea-8719-94c691a73989', 'map_id': '18018895-aa56-11ea-8719-94c691a73989', 'name': 'Receive_Items', 'orientation': -90.0, 'parent': None, 'parent_id': None, 'pos_x': 29.5, 'pos_y': 25.700000762939453, 'type': '/v2.0.0/position_types/0', 'type_id': 0}
2020-06-23 12:32:38,198 {'actions': '/v2.0.0/mission_queue/2433/actions', 'allowed_methods': ['PUT', 'GET', 'DELETE'], 'control_posid': None, 'control_state': 0, 'created_by': '/v2.0.0/users/mirconst-guid-0000-0005-users0000000', 'created_by_id': 'mirconst-guid-0000-0005-users0000000', 'created_by_name': 'Administrator', 'description': '', 'finished': None, 'id': 2433, 'message': '', 'mission': '/v2.0.0/missions/cb72bc7a-aa63-11ea-8719-94c691a73989', 'mission_id': 'cb72bc7a-aa63-11ea-8719-94c691a73989', 'ordered': '2020-06-23T13:27:57', 'parameters': None, 'priority': 1, 'started': None, 'state': 'Pending'}
2020-06-23 12:32:38,200 Readying robot: 0
2020-06-23 12:32:38,316 {'allowed_methods': None, 'battery_percentage': 31.299999237060547, 'battery_time_remaining': 24702, 'distance_to_next_target': 0.08738081157207489, 'errors': [], 'footprint': '[[0.506,-0.32],[0.506,0.32],[-0.454,0.32],[-0.454,-0.32]]', 'joystick_low_speed_mode_enabled': False, 'joystick_web_session_id': '', 'map_id': '18018895-aa56-11ea-8719-94c691a73989', 'mission_queue_id': 2433, 'mission_queue_url': '/v2.0.0/mission_queue/2433', 'mission_text': 'Waiting for new missions...', 'mode_id': 7, 'mode_key_state': 'idle', 'mode_text': 'Mission', 'moved': 4982.207954413381, 'position': {'orientation': 90.87139129638672, 'x': 29.52629280090332, 'y': 22.958406448364258}, 'robot_model': 'MiR200', 'robot_name': 'MiR_S866', 'safety_system_muted': False, 'serial_number': '190200012000866', 'session_id': '73b780d4-968a-11e9-b7b8-94c691a73989', 'state_id': 3, 'state_text': 'Ready', 'unloaded_map_changes': False, 'uptime': 8418, 'user_prompt': None, 'velocity': {'angular': 0.0, 'linear': 0.0}}
2020-06-23 12:32:38,319 Robot:0 successfully readied
2020-06-23 12:32:41,069 Index out of range. Getting all available data
2020-06-23 12:32:41,069 Getting data for robot: 0
2020-06-23 12:32:41,114 Data successfuly retrieved for robot:0
2020-06-23 12:32:41,176 Index out of range. Getting all available data
2020-06-23 12:32:41,176 Getting data for robot: 0
2020-06-23 12:32:41,228 Data successfuly retrieved for robot:0
2020-06-23 12:32:41,291 Index out of range. Getting all available data
2020-06-23 12:32:41,291 Getting data for robot: 0
2020-06-23 12:32:41,347 Data successfuly retrieved for robot:0
2020-06-23 12:32:41,412 Index out of range. Getting all available data
2020-06-23 12:32:41,412 Getting data for robot: 0
2020-06-23 12:32:41,455 Data successfuly retrieved for robot:0
2020-06-23 12:32:41,827 Index out of range. Getting all available data
2020-06-23 12:32:41,827 Getting data for robot: 0
2020-06-23 12:32:41,883 Data successfuly retrieved for robot:0
2020-06-23 12:32:41,946 Index out of range. Getting all available data
2020-06-23 12:32:41,946 Getting data for robot: 0
2020-06-23 12:32:41,990 Data successfuly retrieved for robot:0
2020-06-23 12:32:42,054 Index out of range. Getting all available data
2020-06-23 12:32:42,054 Getting data for robot: 0
2020-06-23 12:32:42,091 Data successfuly retrieved for robot:0
2020-06-23 12:32:42,156 Index out of range. Getting all available data
2020-06-23 12:32:42,156 Getting data for robot: 0
2020-06-23 12:32:42,203 Data successfuly retrieved for robot:0
2020-06-23 12:32:42,269 Index out of range. Getting all available data
2020-06-23 12:32:42,269 Getting data for robot: 0
2020-06-23 12:32:42,298 Data successfuly retrieved for robot:0
2020-06-23 12:32:42,359 Index out of range. Getting all available data
2020-06-23 12:32:42,359 Getting data for robot: 0
2020-06-23 12:32:42,431 Data successfuly retrieved for robot:0
2020-06-23 12:32:42,495 Index out of range. Getting all available data
2020-06-23 12:32:42,495 Getting data for robot: 0
2020-06-23 12:32:42,548 Data successfuly retrieved for robot:0
2020-06-23 12:32:42,613 Index out of range. Getting all available data
2020-06-23 12:32:42,613 Getting data for robot: 0
2020-06-23 12:32:42,674 Data successfuly retrieved for robot:0
2020-06-23 12:32:42,736 Index out of range. Getting all available data
2020-06-23 12:32:42,736 Getting data for robot: 0
2020-06-23 12:32:42,822 Data successfuly retrieved for robot:0
2020-06-23 12:32:42,885 Index out of range. Getting all available data
2020-06-23 12:32:42,885 Getting data for robot: 0
2020-06-23 12:32:42,973 Data successfuly retrieved for robot:0
2020-06-23 12:32:43,037 Index out of range. Getting all available data
2020-06-23 12:32:43,037 Getting data for robot: 0
2020-06-23 12:32:43,115 Data successfuly retrieved for robot:0
2020-06-23 12:32:43,180 Index out of range. Getting all available data
2020-06-23 12:32:43,180 Getting data for robot: 0
2020-06-23 12:32:43,274 Data successfuly retrieved for robot:0
2020-06-23 12:32:43,337 Index out of range. Getting all available data
2020-06-23 12:32:43,337 Getting data for robot: 0
2020-06-23 12:32:43,413 Data successfuly retrieved for robot:0
2020-06-23 12:32:43,477 Index out of range. Getting all available data
2020-06-23 12:32:43,477 Getting data for robot: 0
2020-06-23 12:32:43,559 Data successfuly retrieved for robot:0
2020-06-23 12:32:43,625 Index out of range. Getting all available data
2020-06-23 12:32:43,625 Getting data for robot: 0
2020-06-23 12:32:43,657 Data successfuly retrieved for robot:0
2020-06-23 12:32:43,719 Index out of range. Getting all available data
2020-06-23 12:32:43,719 Getting data for robot: 0
2020-06-23 12:32:43,755 Data successfuly retrieved for robot:0
2020-06-23 12:32:43,818 Index out of range. Getting all available data
2020-06-23 12:32:43,818 Getting data for robot: 0
2020-06-23 12:32:43,866 Data successfuly retrieved for robot:0
2020-06-23 12:32:43,927 Index out of range. Getting all available data
2020-06-23 12:32:43,927 Getting data for robot: 0
2020-06-23 12:32:43,966 Data successfuly retrieved for robot:0
2020-06-23 12:32:44,031 Index out of range. Getting all available data
2020-06-23 12:32:44,031 Getting data for robot: 0
2020-06-23 12:32:44,057 Data successfuly retrieved for robot:0
2020-06-23 12:32:44,120 Index out of range. Getting all available data
2020-06-23 12:32:44,120 Getting data for robot: 0
2020-06-23 12:32:44,161 Data successfuly retrieved for robot:0
2020-06-23 12:32:44,225 Index out of range. Getting all available data
2020-06-23 12:32:44,225 Getting data for robot: 0
2020-06-23 12:32:44,264 Data successfuly retrieved for robot:0
2020-06-23 12:32:44,321 Index out of range. Getting all available data
2020-06-23 12:32:44,321 Getting data for robot: 0
2020-06-23 12:32:44,361 Data successfuly retrieved for robot:0
2020-06-23 12:32:44,419 Index out of range. Getting all available data
2020-06-23 12:32:44,419 Getting data for robot: 0
2020-06-23 12:32:44,455 Data successfuly retrieved for robot:0
2020-06-23 12:32:44,509 Index out of range. Getting all available data
2020-06-23 12:32:44,509 Getting data for robot: 0
2020-06-23 12:32:44,554 Data successfuly retrieved for robot:0
2020-06-23 12:32:44,613 Index out of range. Getting all available data
2020-06-23 12:32:44,613 Getting data for robot: 0
2020-06-23 12:32:44,650 Data successfuly retrieved for robot:0
2020-06-23 12:32:44,702 Index out of range. Getting all available data
2020-06-23 12:32:44,702 Getting data for robot: 0
2020-06-23 12:32:44,743 Data successfuly retrieved for robot:0
2020-06-23 12:32:44,799 Index out of range. Getting all available data
2020-06-23 12:32:44,799 Getting data for robot: 0
2020-06-23 12:32:44,841 Data successfuly retrieved for robot:0
2020-06-23 12:32:44,893 Index out of range. Getting all available data
2020-06-23 12:32:44,893 Getting data for robot: 0
2020-06-23 12:32:44,936 Data successfuly retrieved for robot:0
2020-06-23 12:32:44,991 Index out of range. Getting all available data
2020-06-23 12:32:44,991 Getting data for robot: 0
2020-06-23 12:32:45,033 Data successfuly retrieved for robot:0
2020-06-23 12:32:45,086 Index out of range. Getting all available data
2020-06-23 12:32:45,086 Getting data for robot: 0
2020-06-23 12:32:45,117 Data successfuly retrieved for robot:0
2020-06-23 12:32:45,171 Index out of range. Getting all available data
2020-06-23 12:32:45,171 Getting data for robot: 0
2020-06-23 12:32:45,203 Data successfuly retrieved for robot:0
2020-06-23 12:32:45,256 Index out of range. Getting all available data
2020-06-23 12:32:45,256 Getting data for robot: 0
2020-06-23 12:32:45,312 Data successfuly retrieved for robot:0
2020-06-23 12:32:45,364 Index out of range. Getting all available data
2020-06-23 12:32:45,364 Getting data for robot: 0
2020-06-23 12:32:45,408 Data successfuly retrieved for robot:0
2020-06-23 12:32:45,461 Index out of range. Getting all available data
2020-06-23 12:32:45,461 Getting data for robot: 0
2020-06-23 12:32:45,506 Data successfuly retrieved for robot:0
2020-06-23 12:32:45,559 Index out of range. Getting all available data
2020-06-23 12:32:45,559 Getting data for robot: 0
2020-06-23 12:32:45,602 Data successfuly retrieved for robot:0
2020-06-23 12:32:45,655 Index out of range. Getting all available data
2020-06-23 12:32:45,655 Getting data for robot: 0
2020-06-23 12:32:45,720 Data successfuly retrieved for robot:0
2020-06-23 12:32:45,774 Index out of range. Getting all available data
2020-06-23 12:32:45,774 Getting data for robot: 0
2020-06-23 12:32:45,814 Data successfuly retrieved for robot:0
2020-06-23 12:32:45,866 Index out of range. Getting all available data
2020-06-23 12:32:45,866 Getting data for robot: 0
2020-06-23 12:32:45,908 Data successfuly retrieved for robot:0
2020-06-23 12:32:45,960 Index out of range. Getting all available data
2020-06-23 12:32:45,960 Getting data for robot: 0
2020-06-23 12:32:46,000 Data successfuly retrieved for robot:0
2020-06-23 12:32:46,053 Index out of range. Getting all available data
2020-06-23 12:32:46,053 Getting data for robot: 0
2020-06-23 12:32:46,084 Data successfuly retrieved for robot:0
2020-06-23 12:32:46,136 Index out of range. Getting all available data
2020-06-23 12:32:46,136 Getting data for robot: 0
2020-06-23 12:32:46,313 Data successfuly retrieved for robot:0
2020-06-23 12:32:46,366 Index out of range. Getting all available data
2020-06-23 12:32:46,366 Getting data for robot: 0
2020-06-23 12:32:46,774 Data successfuly retrieved for robot:0
2020-06-23 12:32:46,836 Index out of range. Getting all available data
2020-06-23 12:32:46,836 Getting data for robot: 0
2020-06-23 12:32:46,922 Data successfuly retrieved for robot:0
2020-06-23 12:32:46,984 Index out of range. Getting all available data
2020-06-23 12:32:46,984 Getting data for robot: 0
2020-06-23 12:32:47,478 Data successfuly retrieved for robot:0
2020-06-23 12:32:47,541 Index out of range. Getting all available data
2020-06-23 12:32:47,541 Getting data for robot: 0
2020-06-23 12:32:47,809 Data successfuly retrieved for robot:0
2020-06-23 12:32:47,871 Index out of range. Getting all available data
2020-06-23 12:32:47,871 Getting data for robot: 0
2020-06-23 12:32:48,129 Data successfuly retrieved for robot:0
2020-06-23 12:32:48,196 Index out of range. Getting all available data
2020-06-23 12:32:48,196 Getting data for robot: 0
2020-06-23 12:32:48,457 Data successfuly retrieved for robot:0
2020-06-23 12:32:48,522 Index out of range. Getting all available data
2020-06-23 12:32:48,522 Getting data for robot: 0
2020-06-23 12:32:48,806 Data successfuly retrieved for robot:0
2020-06-23 12:32:48,869 Index out of range. Getting all available data
2020-06-23 12:32:48,869 Getting data for robot: 0
2020-06-23 12:32:48,920 Data successfuly retrieved for robot:0
2020-06-23 12:32:48,983 Index out of range. Getting all available data
2020-06-23 12:32:48,983 Getting data for robot: 0
2020-06-23 12:32:49,011 Data successfuly retrieved for robot:0
2020-06-23 12:32:49,074 Index out of range. Getting all available data
2020-06-23 12:32:49,074 Getting data for robot: 0
2020-06-23 12:32:49,108 Data successfuly retrieved for robot:0
2020-06-23 12:32:49,171 Index out of range. Getting all available data
2020-06-23 12:32:49,171 Getting data for robot: 0
2020-06-23 12:32:49,206 Data successfuly retrieved for robot:0
2020-06-23 12:32:49,271 Index out of range. Getting all available data
2020-06-23 12:32:49,271 Getting data for robot: 0
2020-06-23 12:32:49,300 Data successfuly retrieved for robot:0
2020-06-23 12:32:49,361 Index out of range. Getting all available data
2020-06-23 12:32:49,361 Getting data for robot: 0
2020-06-23 12:32:49,400 Data successfuly retrieved for robot:0
2020-06-23 12:32:49,465 Index out of range. Getting all available data
2020-06-23 12:32:49,465 Getting data for robot: 0
2020-06-23 12:32:49,500 Data successfuly retrieved for robot:0
2020-06-23 12:32:49,563 Index out of range. Getting all available data
2020-06-23 12:32:49,563 Getting data for robot: 0
2020-06-23 12:32:49,609 Data successfuly retrieved for robot:0
2020-06-23 12:32:49,672 Index out of range. Getting all available data
2020-06-23 12:32:49,672 Getting data for robot: 0
2020-06-23 12:32:49,705 Data successfuly retrieved for robot:0
2020-06-23 12:32:49,762 Index out of range. Getting all available data
2020-06-23 12:32:49,762 Getting data for robot: 0
2020-06-23 12:32:49,800 Data successfuly retrieved for robot:0
2020-06-23 12:32:49,864 Index out of range. Getting all available data
2020-06-23 12:32:49,864 Getting data for robot: 0
2020-06-23 12:32:49,908 Data successfuly retrieved for robot:0
2020-06-23 12:32:49,966 Index out of range. Getting all available data
2020-06-23 12:32:49,966 Getting data for robot: 0
2020-06-23 12:32:50,015 Data successfuly retrieved for robot:0
2020-06-23 12:32:50,072 Index out of range. Getting all available data
2020-06-23 12:32:50,072 Getting data for robot: 0
2020-06-23 12:32:50,115 Data successfuly retrieved for robot:0
2020-06-23 12:32:50,169 Index out of range. Getting all available data
2020-06-23 12:32:50,169 Getting data for robot: 0
2020-06-23 12:32:50,219 Data successfuly retrieved for robot:0
2020-06-23 12:32:50,273 Index out of range. Getting all available data
2020-06-23 12:32:50,273 Getting data for robot: 0
2020-06-23 12:32:50,313 Data successfuly retrieved for robot:0
2020-06-23 12:32:50,369 Index out of range. Getting all available data
2020-06-23 12:32:50,369 Getting data for robot: 0
2020-06-23 12:32:50,418 Data successfuly retrieved for robot:0
2020-06-23 12:32:50,474 Index out of range. Getting all available data
2020-06-23 12:32:50,474 Getting data for robot: 0
2020-06-23 12:32:50,517 Data successfuly retrieved for robot:0
2020-06-23 12:32:50,572 Index out of range. Getting all available data
2020-06-23 12:32:50,572 Getting data for robot: 0
2020-06-23 12:32:50,624 Data successfuly retrieved for robot:0
2020-06-23 12:32:50,679 Index out of range. Getting all available data
2020-06-23 12:32:50,679 Getting data for robot: 0
2020-06-23 12:32:50,723 Data successfuly retrieved for robot:0
2020-06-23 12:32:50,778 Index out of range. Getting all available data
2020-06-23 12:32:50,778 Getting data for robot: 0
2020-06-23 12:32:50,818 Data successfuly retrieved for robot:0
2020-06-23 12:32:50,870 Index out of range. Getting all available data
2020-06-23 12:32:50,870 Getting data for robot: 0
2020-06-23 12:32:50,943 Data successfuly retrieved for robot:0
2020-06-23 12:32:50,996 Index out of range. Getting all available data
2020-06-23 12:32:50,996 Getting data for robot: 0
2020-06-23 12:32:51,033 Data successfuly retrieved for robot:0
2020-06-23 12:32:51,091 Index out of range. Getting all available data
2020-06-23 12:32:51,091 Getting data for robot: 0
2020-06-23 12:32:51,138 Data successfuly retrieved for robot:0
2020-06-23 12:32:51,190 Index out of range. Getting all available data
2020-06-23 12:32:51,190 Getting data for robot: 0
2020-06-23 12:32:51,241 Data successfuly retrieved for robot:0
2020-06-23 12:32:51,295 Index out of range. Getting all available data
2020-06-23 12:32:51,295 Getting data for robot: 0
2020-06-23 12:32:51,341 Data successfuly retrieved for robot:0
2020-06-23 12:32:51,396 Index out of range. Getting all available data
2020-06-23 12:32:51,396 Getting data for robot: 0
2020-06-23 12:32:51,435 Data successfuly retrieved for robot:0
2020-06-23 12:32:51,488 Index out of range. Getting all available data
2020-06-23 12:32:51,488 Getting data for robot: 0
2020-06-23 12:32:51,519 Data successfuly retrieved for robot:0
2020-06-23 12:32:51,572 Index out of range. Getting all available data
2020-06-23 12:32:51,572 Getting data for robot: 0
2020-06-23 12:32:51,626 Data successfuly retrieved for robot:0
2020-06-23 12:32:51,679 Index out of range. Getting all available data
2020-06-23 12:32:51,679 Getting data for robot: 0
2020-06-23 12:32:51,711 Data successfuly retrieved for robot:0
2020-06-23 12:32:51,766 Index out of range. Getting all available data
2020-06-23 12:32:51,766 Getting data for robot: 0
2020-06-23 12:32:51,799 Data successfuly retrieved for robot:0
2020-06-23 12:32:51,853 Index out of range. Getting all available data
2020-06-23 12:32:51,853 Getting data for robot: 0
2020-06-23 12:32:51,893 Data successfuly retrieved for robot:0
2020-06-23 12:32:51,946 Index out of range. Getting all available data
2020-06-23 12:32:51,946 Getting data for robot: 0
2020-06-23 12:32:51,980 Data successfuly retrieved for robot:0
2020-06-23 12:32:52,033 Index out of range. Getting all available data
2020-06-23 12:32:52,033 Getting data for robot: 0
2020-06-23 12:32:52,059 Data successfuly retrieved for robot:0
2020-06-23 12:32:52,117 Index out of range. Getting all available data
2020-06-23 12:32:52,117 Getting data for robot: 0
2020-06-23 12:32:52,165 Data successfuly retrieved for robot:0
2020-06-23 12:32:52,218 Index out of range. Getting all available data
2020-06-23 12:32:52,218 Getting data for robot: 0
2020-06-23 12:32:52,253 Data successfuly retrieved for robot:0
2020-06-23 12:32:52,307 Index out of range. Getting all available data
2020-06-23 12:32:52,307 Getting data for robot: 0
2020-06-23 12:32:52,362 Data successfuly retrieved for robot:0
2020-06-23 12:32:52,419 Index out of range. Getting all available data
2020-06-23 12:32:52,419 Getting data for robot: 0
2020-06-23 12:32:52,455 Data successfuly retrieved for robot:0
2020-06-23 12:32:52,507 Index out of range. Getting all available data
2020-06-23 12:32:52,507 Getting data for robot: 0
2020-06-23 12:32:52,555 Data successfuly retrieved for robot:0
2020-06-23 12:32:52,612 Index out of range. Getting all available data
2020-06-23 12:32:52,612 Getting data for robot: 0
2020-06-23 12:32:52,649 Data successfuly retrieved for robot:0
2020-06-23 12:32:52,705 Index out of range. Getting all available data
2020-06-23 12:32:52,705 Getting data for robot: 0
2020-06-23 12:32:52,759 Data successfuly retrieved for robot:0
2020-06-23 12:32:52,812 Index out of range. Getting all available data
2020-06-23 12:32:52,812 Getting data for robot: 0
2020-06-23 12:32:52,853 Data successfuly retrieved for robot:0
2020-06-23 12:32:52,912 Index out of range. Getting all available data
2020-06-23 12:32:52,912 Getting data for robot: 0
2020-06-23 12:32:52,959 Data successfuly retrieved for robot:0
2020-06-23 12:32:53,021 Index out of range. Getting all available data
2020-06-23 12:32:53,021 Getting data for robot: 0
2020-06-23 12:32:53,060 Data successfuly retrieved for robot:0
2020-06-23 12:32:53,119 Index out of range. Getting all available data
2020-06-23 12:32:53,119 Getting data for robot: 0
2020-06-23 12:32:53,158 Data successfuly retrieved for robot:0
2020-06-23 12:32:53,214 Index out of range. Getting all available data
2020-06-23 12:32:53,214 Getting data for robot: 0
2020-06-23 12:32:53,244 Data successfuly retrieved for robot:0
2020-06-23 12:32:53,303 Index out of range. Getting all available data
2020-06-23 12:32:53,303 Getting data for robot: 0
2020-06-23 12:32:53,331 Data successfuly retrieved for robot:0
2020-06-23 12:32:53,386 Index out of range. Getting all available data
2020-06-23 12:32:53,386 Getting data for robot: 0
2020-06-23 12:32:53,431 Data successfuly retrieved for robot:0
2020-06-23 12:32:53,493 Index out of range. Getting all available data
2020-06-23 12:32:53,493 Getting data for robot: 0
2020-06-23 12:32:53,544 Data successfuly retrieved for robot:0
2020-06-23 12:32:53,602 Index out of range. Getting all available data
2020-06-23 12:32:53,602 Getting data for robot: 0
2020-06-23 12:32:53,643 Data successfuly retrieved for robot:0
2020-06-23 12:32:53,707 Index out of range. Getting all available data
2020-06-23 12:32:53,707 Getting data for robot: 0
2020-06-23 12:32:53,748 Data successfuly retrieved for robot:0
2020-06-23 12:32:53,808 Index out of range. Getting all available data
2020-06-23 12:32:53,808 Getting data for robot: 0
2020-06-23 12:32:53,849 Data successfuly retrieved for robot:0
2020-06-23 12:32:53,913 Index out of range. Getting all available data
2020-06-23 12:32:53,913 Getting data for robot: 0
2020-06-23 12:32:53,965 Data successfuly retrieved for robot:0
2020-06-23 12:32:54,026 Index out of range. Getting all available data
2020-06-23 12:32:54,026 Getting data for robot: 0
2020-06-23 12:32:54,059 Data successfuly retrieved for robot:0
2020-06-23 12:32:54,120 Index out of range. Getting all available data
2020-06-23 12:32:54,120 Getting data for robot: 0
2020-06-23 12:32:54,181 Data successfuly retrieved for robot:0
2020-06-23 12:32:54,241 Index out of range. Getting all available data
2020-06-23 12:32:54,241 Getting data for robot: 0
2020-06-23 12:32:54,291 Data successfuly retrieved for robot:0
2020-06-23 12:32:54,350 Index out of range. Getting all available data
2020-06-23 12:32:54,350 Getting data for robot: 0
2020-06-23 12:32:54,390 Data successfuly retrieved for robot:0
2020-06-23 12:32:54,449 Index out of range. Getting all available data
2020-06-23 12:32:54,449 Getting data for robot: 0
2020-06-23 12:32:54,492 Data successfuly retrieved for robot:0
2020-06-23 12:32:54,555 Index out of range. Getting all available data
2020-06-23 12:32:54,555 Getting data for robot: 0
2020-06-23 12:32:54,597 Data successfuly retrieved for robot:0
2020-06-23 12:32:54,656 Index out of range. Getting all available data
2020-06-23 12:32:54,656 Getting data for robot: 0
2020-06-23 12:32:54,703 Data successfuly retrieved for robot:0
2020-06-23 12:32:54,764 Index out of range. Getting all available data
2020-06-23 12:32:54,764 Getting data for robot: 0
2020-06-23 12:32:54,809 Data successfuly retrieved for robot:0
2020-06-23 12:32:54,870 Index out of range. Getting all available data
2020-06-23 12:32:54,870 Getting data for robot: 0
2020-06-23 12:32:54,911 Data successfuly retrieved for robot:0
2020-06-23 12:32:54,972 Index out of range. Getting all available data
2020-06-23 12:32:54,972 Getting data for robot: 0
2020-06-23 12:32:55,017 Data successfuly retrieved for robot:0
2020-06-23 12:32:55,079 Index out of range. Getting all available data
2020-06-23 12:32:55,079 Getting data for robot: 0
2020-06-23 12:32:55,118 Data successfuly retrieved for robot:0
2020-06-23 12:32:55,175 Index out of range. Getting all available data
2020-06-23 12:32:55,175 Getting data for robot: 0
2020-06-23 12:32:55,216 Data successfuly retrieved for robot:0
2020-06-23 12:32:55,276 Index out of range. Getting all available data
2020-06-23 12:32:55,276 Getting data for robot: 0
2020-06-23 12:32:55,322 Data successfuly retrieved for robot:0
2020-06-23 12:32:55,383 Index out of range. Getting all available data
2020-06-23 12:32:55,383 Getting data for robot: 0
2020-06-23 12:32:55,413 Data successfuly retrieved for robot:0
2020-06-23 12:32:55,475 Index out of range. Getting all available data
2020-06-23 12:32:55,475 Getting data for robot: 0
2020-06-23 12:32:55,511 Data successfuly retrieved for robot:0
2020-06-23 12:32:55,579 Index out of range. Getting all available data
2020-06-23 12:32:55,579 Getting data for robot: 0
2020-06-23 12:32:55,615 Data successfuly retrieved for robot:0
2020-06-23 12:32:55,679 Index out of range. Getting all available data
2020-06-23 12:32:55,679 Getting data for robot: 0
2020-06-23 12:32:55,718 Data successfuly retrieved for robot:0
2020-06-23 12:32:55,786 Index out of range. Getting all available data
2020-06-23 12:32:55,786 Getting data for robot: 0
2020-06-23 12:32:55,819 Data successfuly retrieved for robot:0
2020-06-23 12:32:55,888 Index out of range. Getting all available data
2020-06-23 12:32:55,888 Getting data for robot: 0
2020-06-23 12:32:55,923 Data successfuly retrieved for robot:0
2020-06-23 12:32:55,985 Index out of range. Getting all available data
2020-06-23 12:32:55,985 Getting data for robot: 0
2020-06-23 12:32:56,019 Data successfuly retrieved for robot:0
2020-06-23 12:32:56,085 Index out of range. Getting all available data
2020-06-23 12:32:56,085 Getting data for robot: 0
2020-06-23 12:32:56,124 Data successfuly retrieved for robot:0
2020-06-23 12:32:56,187 Index out of range. Getting all available data
2020-06-23 12:32:56,187 Getting data for robot: 0
2020-06-23 12:32:56,218 Data successfuly retrieved for robot:0
2020-06-23 12:32:56,279 Index out of range. Getting all available data
2020-06-23 12:32:56,279 Getting data for robot: 0
2020-06-23 12:32:56,319 Data successfuly retrieved for robot:0
2020-06-23 12:32:56,379 Index out of range. Getting all available data
2020-06-23 12:32:56,379 Getting data for robot: 0
2020-06-23 12:32:56,418 Data successfuly retrieved for robot:0
2020-06-23 12:32:56,480 Index out of range. Getting all available data
2020-06-23 12:32:56,480 Getting data for robot: 0
2020-06-23 12:32:56,523 Data successfuly retrieved for robot:0
2020-06-23 12:32:56,585 Index out of range. Getting all available data
2020-06-23 12:32:56,585 Getting data for robot: 0
2020-06-23 12:32:56,616 Data successfuly retrieved for robot:0
2020-06-23 12:32:56,680 Index out of range. Getting all available data
2020-06-23 12:32:56,680 Getting data for robot: 0
2020-06-23 12:32:56,720 Data successfuly retrieved for robot:0
2020-06-23 12:32:56,783 Index out of range. Getting all available data
2020-06-23 12:32:56,783 Getting data for robot: 0
2020-06-23 12:32:56,819 Data successfuly retrieved for robot:0
2020-06-23 12:32:56,881 Index out of range. Getting all available data
2020-06-23 12:32:56,881 Getting data for robot: 0
2020-06-23 12:32:56,930 Data successfuly retrieved for robot:0
2020-06-23 12:32:56,990 Index out of range. Getting all available data
2020-06-23 12:32:56,990 Getting data for robot: 0
2020-06-23 12:32:57,029 Data successfuly retrieved for robot:0
2020-06-23 12:32:57,092 Index out of range. Getting all available data
2020-06-23 12:32:57,092 Getting data for robot: 0
2020-06-23 12:32:57,128 Data successfuly retrieved for robot:0
2020-06-23 12:32:57,193 Index out of range. Getting all available data
2020-06-23 12:32:57,193 Getting data for robot: 0
2020-06-23 12:32:57,234 Data successfuly retrieved for robot:0
2020-06-23 12:32:57,298 Index out of range. Getting all available data
2020-06-23 12:32:57,298 Getting data for robot: 0
2020-06-23 12:32:57,337 Data successfuly retrieved for robot:0
2020-06-23 12:32:57,399 Index out of range. Getting all available data
2020-06-23 12:32:57,399 Getting data for robot: 0
2020-06-23 12:32:57,434 Data successfuly retrieved for robot:0
2020-06-23 12:32:57,498 Index out of range. Getting all available data
2020-06-23 12:32:57,498 Getting data for robot: 0
2020-06-23 12:32:57,538 Data successfuly retrieved for robot:0
2020-06-23 12:32:57,600 Index out of range. Getting all available data
2020-06-23 12:32:57,600 Getting data for robot: 0
2020-06-23 12:32:57,628 Data successfuly retrieved for robot:0
2020-06-23 12:32:57,693 Index out of range. Getting all available data
2020-06-23 12:32:57,693 Getting data for robot: 0
2020-06-23 12:32:57,730 Data successfuly retrieved for robot:0
2020-06-23 12:32:57,795 Index out of range. Getting all available data
2020-06-23 12:32:57,795 Getting data for robot: 0
2020-06-23 12:32:57,832 Data successfuly retrieved for robot:0
2020-06-23 12:32:57,892 Index out of range. Getting all available data
2020-06-23 12:32:57,892 Getting data for robot: 0
2020-06-23 12:32:57,929 Data successfuly retrieved for robot:0
2020-06-23 12:32:57,993 Index out of range. Getting all available data
2020-06-23 12:32:57,993 Getting data for robot: 0
2020-06-23 12:32:58,028 Data successfuly retrieved for robot:0
2020-06-23 12:32:58,094 Index out of range. Getting all available data
2020-06-23 12:32:58,094 Getting data for robot: 0
2020-06-23 12:32:58,127 Data successfuly retrieved for robot:0
2020-06-23 12:32:58,189 Index out of range. Getting all available data
2020-06-23 12:32:58,189 Getting data for robot: 0
2020-06-23 12:32:58,233 Data successfuly retrieved for robot:0
2020-06-23 12:32:58,296 Index out of range. Getting all available data
2020-06-23 12:32:58,296 Getting data for robot: 0
2020-06-23 12:32:58,338 Data successfuly retrieved for robot:0
2020-06-23 12:32:58,401 Index out of range. Getting all available data
2020-06-23 12:32:58,401 Getting data for robot: 0
2020-06-23 12:32:58,431 Data successfuly retrieved for robot:0
2020-06-23 12:32:58,494 Index out of range. Getting all available data
2020-06-23 12:32:58,494 Getting data for robot: 0
2020-06-23 12:32:58,546 Data successfuly retrieved for robot:0
2020-06-23 12:32:58,610 Index out of range. Getting all available data
2020-06-23 12:32:58,610 Getting data for robot: 0
2020-06-23 12:32:58,641 Data successfuly retrieved for robot:0
2020-06-23 12:32:58,703 Index out of range. Getting all available data
2020-06-23 12:32:58,703 Getting data for robot: 0
2020-06-23 12:32:58,744 Data successfuly retrieved for robot:0
2020-06-23 12:32:58,809 Index out of range. Getting all available data
2020-06-23 12:32:58,809 Getting data for robot: 0
2020-06-23 12:32:59,386 Data successfuly retrieved for robot:0
2020-06-23 12:32:59,450 Index out of range. Getting all available data
2020-06-23 12:32:59,450 Getting data for robot: 0
2020-06-23 12:32:59,477 Data successfuly retrieved for robot:0
2020-06-23 12:32:59,540 Index out of range. Getting all available data
2020-06-23 12:32:59,540 Getting data for robot: 0
2020-06-23 12:33:00,076 Data successfuly retrieved for robot:0
2020-06-23 12:33:00,138 Index out of range. Getting all available data
2020-06-23 12:33:00,138 Getting data for robot: 0
2020-06-23 12:33:00,405 Data successfuly retrieved for robot:0
2020-06-23 12:33:00,469 Index out of range. Getting all available data
2020-06-23 12:33:00,469 Getting data for robot: 0
2020-06-23 12:33:00,727 Data successfuly retrieved for robot:0
2020-06-23 12:33:00,789 Index out of range. Getting all available data
2020-06-23 12:33:00,789 Getting data for robot: 0
2020-06-23 12:33:01,053 Data successfuly retrieved for robot:0
2020-06-23 12:33:01,110 Index out of range. Getting all available data
2020-06-23 12:33:01,110 Getting data for robot: 0
2020-06-23 12:33:01,415 Data successfuly retrieved for robot:0
2020-06-23 12:33:01,469 Index out of range. Getting all available data
2020-06-23 12:33:01,469 Getting data for robot: 0
2020-06-23 12:33:01,510 Data successfuly retrieved for robot:0
2020-06-23 12:33:01,569 Index out of range. Getting all available data
2020-06-23 12:33:01,569 Getting data for robot: 0
2020-06-23 12:33:01,612 Data successfuly retrieved for robot:0
2020-06-23 12:33:01,668 Index out of range. Getting all available data
2020-06-23 12:33:01,668 Getting data for robot: 0
2020-06-23 12:33:01,712 Data successfuly retrieved for robot:0
2020-06-23 12:33:01,767 Index out of range. Getting all available data
2020-06-23 12:33:01,767 Getting data for robot: 0
2020-06-23 12:33:01,806 Data successfuly retrieved for robot:0
2020-06-23 12:33:01,859 Index out of range. Getting all available data
2020-06-23 12:33:01,859 Getting data for robot: 0
2020-06-23 12:33:01,887 Data successfuly retrieved for robot:0
2020-06-23 12:33:01,939 Index out of range. Getting all available data
2020-06-23 12:33:01,939 Getting data for robot: 0
2020-06-23 12:33:01,976 Data successfuly retrieved for robot:0
2020-06-23 12:33:02,030 Index out of range. Getting all available data
2020-06-23 12:33:02,030 Getting data for robot: 0
2020-06-23 12:33:02,060 Data successfuly retrieved for robot:0
2020-06-23 12:33:02,114 Index out of range. Getting all available data
2020-06-23 12:33:02,114 Getting data for robot: 0
2020-06-23 12:33:02,158 Data successfuly retrieved for robot:0
2020-06-23 12:33:02,215 Index out of range. Getting all available data
2020-06-23 12:33:02,215 Getting data for robot: 0
2020-06-23 12:33:02,248 Data successfuly retrieved for robot:0
2020-06-23 12:33:02,301 Index out of range. Getting all available data
2020-06-23 12:33:02,301 Getting data for robot: 0
2020-06-23 12:33:02,335 Data successfuly retrieved for robot:0
2020-06-23 12:33:02,388 Index out of range. Getting all available data
2020-06-23 12:33:02,388 Getting data for robot: 0
2020-06-23 12:33:02,423 Data successfuly retrieved for robot:0
2020-06-23 12:33:02,477 Index out of range. Getting all available data
2020-06-23 12:33:02,477 Getting data for robot: 0
2020-06-23 12:33:02,514 Data successfuly retrieved for robot:0
2020-06-23 12:33:02,566 Index out of range. Getting all available data
2020-06-23 12:33:02,566 Getting data for robot: 0
2020-06-23 12:33:02,591 Data successfuly retrieved for robot:0
2020-06-23 12:33:02,645 Index out of range. Getting all available data
2020-06-23 12:33:02,645 Getting data for robot: 0
2020-06-23 12:33:02,684 Data successfuly retrieved for robot:0
2020-06-23 12:33:02,736 Index out of range. Getting all available data
2020-06-23 12:33:02,736 Getting data for robot: 0
2020-06-23 12:33:02,767 Data successfuly retrieved for robot:0
2020-06-23 12:33:02,822 Index out of range. Getting all available data
2020-06-23 12:33:02,822 Getting data for robot: 0
2020-06-23 12:33:02,861 Data successfuly retrieved for robot:0
2020-06-23 12:33:02,914 Index out of range. Getting all available data
2020-06-23 12:33:02,914 Getting data for robot: 0
2020-06-23 12:33:02,962 Data successfuly retrieved for robot:0
2020-06-23 12:33:03,015 Index out of range. Getting all available data
2020-06-23 12:33:03,015 Getting data for robot: 0
2020-06-23 12:33:03,061 Data successfuly retrieved for robot:0
2020-06-23 12:33:03,113 Index out of range. Getting all available data
2020-06-23 12:33:03,113 Getting data for robot: 0
2020-06-23 12:33:03,161 Data successfuly retrieved for robot:0
2020-06-23 12:33:03,213 Index out of range. Getting all available data
2020-06-23 12:33:03,213 Getting data for robot: 0
2020-06-23 12:33:03,259 Data successfuly retrieved for robot:0
2020-06-23 12:33:03,312 Index out of range. Getting all available data
2020-06-23 12:33:03,312 Getting data for robot: 0
2020-06-23 12:33:03,353 Data successfuly retrieved for robot:0
2020-06-23 12:33:03,405 Index out of range. Getting all available data
2020-06-23 12:33:03,405 Getting data for robot: 0
2020-06-23 12:33:03,440 Data successfuly retrieved for robot:0
2020-06-23 12:33:03,493 Index out of range. Getting all available data
2020-06-23 12:33:03,493 Getting data for robot: 0
2020-06-23 12:33:03,534 Data successfuly retrieved for robot:0
2020-06-23 12:33:03,587 Index out of range. Getting all available data
2020-06-23 12:33:03,587 Getting data for robot: 0
2020-06-23 12:33:03,633 Data successfuly retrieved for robot:0
2020-06-23 12:33:03,686 Index out of range. Getting all available data
2020-06-23 12:33:03,686 Getting data for robot: 0
2020-06-23 12:33:03,729 Data successfuly retrieved for robot:0
2020-06-23 12:33:03,783 Index out of range. Getting all available data
2020-06-23 12:33:03,783 Getting data for robot: 0
2020-06-23 12:33:03,816 Data successfuly retrieved for robot:0
2020-06-23 12:33:03,868 Index out of range. Getting all available data
2020-06-23 12:33:03,868 Getting data for robot: 0
2020-06-23 12:33:03,905 Data successfuly retrieved for robot:0
2020-06-23 12:33:03,960 Index out of range. Getting all available data
2020-06-23 12:33:03,960 Getting data for robot: 0
2020-06-23 12:33:04,003 Data successfuly retrieved for robot:0
2020-06-23 12:33:04,062 Index out of range. Getting all available data
2020-06-23 12:33:04,062 Getting data for robot: 0
2020-06-23 12:33:04,107 Data successfuly retrieved for robot:0
2020-06-23 12:33:04,168 Index out of range. Getting all available data
2020-06-23 12:33:04,168 Getting data for robot: 0
2020-06-23 12:33:04,209 Data successfuly retrieved for robot:0
2020-06-23 12:33:04,271 Index out of range. Getting all available data
2020-06-23 12:33:04,271 Getting data for robot: 0
2020-06-23 12:33:04,310 Data successfuly retrieved for robot:0
2020-06-23 12:33:04,371 Index out of range. Getting all available data
2020-06-23 12:33:04,371 Getting data for robot: 0
2020-06-23 12:33:04,412 Data successfuly retrieved for robot:0
2020-06-23 12:33:04,473 Index out of range. Getting all available data
2020-06-23 12:33:04,473 Getting data for robot: 0
2020-06-23 12:33:04,505 Data successfuly retrieved for robot:0
2020-06-23 12:33:04,566 Index out of range. Getting all available data
2020-06-23 12:33:04,566 Getting data for robot: 0
2020-06-23 12:33:04,607 Data successfuly retrieved for robot:0
2020-06-23 12:33:04,669 Index out of range. Getting all available data
2020-06-23 12:33:04,669 Getting data for robot: 0
2020-06-23 12:33:04,705 Data successfuly retrieved for robot:0
2020-06-23 12:33:04,767 Index out of range. Getting all available data
2020-06-23 12:33:04,767 Getting data for robot: 0
2020-06-23 12:33:04,808 Data successfuly retrieved for robot:0
2020-06-23 12:33:04,870 Index out of range. Getting all available data
2020-06-23 12:33:04,870 Getting data for robot: 0
2020-06-23 12:33:04,902 Data successfuly retrieved for robot:0
2020-06-23 12:33:04,965 Index out of range. Getting all available data
2020-06-23 12:33:04,965 Getting data for robot: 0
2020-06-23 12:33:05,006 Data successfuly retrieved for robot:0
2020-06-23 12:33:05,068 Index out of range. Getting all available data
2020-06-23 12:33:05,068 Getting data for robot: 0
2020-06-23 12:33:05,110 Data successfuly retrieved for robot:0
2020-06-23 12:33:05,173 Index out of range. Getting all available data
2020-06-23 12:33:05,173 Getting data for robot: 0
2020-06-23 12:33:05,216 Data successfuly retrieved for robot:0
2020-06-23 12:33:05,277 Index out of range. Getting all available data
2020-06-23 12:33:05,277 Getting data for robot: 0
2020-06-23 12:33:05,322 Data successfuly retrieved for robot:0
2020-06-23 12:33:05,384 Index out of range. Getting all available data
2020-06-23 12:33:05,384 Getting data for robot: 0
2020-06-23 12:33:05,425 Data successfuly retrieved for robot:0
2020-06-23 12:33:05,488 Index out of range. Getting all available data
2020-06-23 12:33:05,488 Getting data for robot: 0
2020-06-23 12:33:05,535 Data successfuly retrieved for robot:0
2020-06-23 12:33:05,597 Index out of range. Getting all available data
2020-06-23 12:33:05,597 Getting data for robot: 0
2020-06-23 12:33:05,638 Data successfuly retrieved for robot:0
2020-06-23 12:33:05,700 Index out of range. Getting all available data
2020-06-23 12:33:05,700 Getting data for robot: 0
2020-06-23 12:33:05,740 Data successfuly retrieved for robot:0
2020-06-23 12:33:05,801 Index out of range. Getting all available data
2020-06-23 12:33:05,801 Getting data for robot: 0
2020-06-23 12:33:05,842 Data successfuly retrieved for robot:0
2020-06-23 12:33:05,905 Index out of range. Getting all available data
2020-06-23 12:33:05,905 Getting data for robot: 0
2020-06-23 12:33:05,951 Data successfuly retrieved for robot:0
2020-06-23 12:33:06,012 Index out of range. Getting all available data
2020-06-23 12:33:06,012 Getting data for robot: 0
2020-06-23 12:33:06,052 Data successfuly retrieved for robot:0
2020-06-23 12:33:06,113 Index out of range. Getting all available data
2020-06-23 12:33:06,113 Getting data for robot: 0
2020-06-23 12:33:06,138 Data successfuly retrieved for robot:0
2020-06-23 12:33:06,199 Index out of range. Getting all available data
2020-06-23 12:33:06,199 Getting data for robot: 0
2020-06-23 12:33:06,235 Data successfuly retrieved for robot:0
2020-06-23 12:33:06,297 Index out of range. Getting all available data
2020-06-23 12:33:06,297 Getting data for robot: 0
2020-06-23 12:33:06,330 Data successfuly retrieved for robot:0
2020-06-23 12:33:06,394 Index out of range. Getting all available data
2020-06-23 12:33:06,394 Getting data for robot: 0
2020-06-23 12:33:06,432 Data successfuly retrieved for robot:0
2020-06-23 12:33:06,496 Index out of range. Getting all available data
2020-06-23 12:33:06,496 Getting data for robot: 0
2020-06-23 12:33:06,532 Data successfuly retrieved for robot:0
2020-06-23 12:33:06,591 Index out of range. Getting all available data
2020-06-23 12:33:06,591 Getting data for robot: 0
2020-06-23 12:33:06,628 Data successfuly retrieved for robot:0
2020-06-23 12:33:06,690 Index out of range. Getting all available data
2020-06-23 12:33:06,690 Getting data for robot: 0
2020-06-23 12:33:06,725 Data successfuly retrieved for robot:0
2020-06-23 12:33:06,788 Index out of range. Getting all available data
2020-06-23 12:33:06,788 Getting data for robot: 0
2020-06-23 12:33:06,827 Data successfuly retrieved for robot:0
2020-06-23 12:33:06,884 Index out of range. Getting all available data
2020-06-23 12:33:06,884 Getting data for robot: 0
2020-06-23 12:33:06,920 Data successfuly retrieved for robot:0
2020-06-23 12:33:06,976 Index out of range. Getting all available data
2020-06-23 12:33:06,976 Getting data for robot: 0
2020-06-23 12:33:07,014 Data successfuly retrieved for robot:0
2020-06-23 12:33:07,074 Index out of range. Getting all available data
2020-06-23 12:33:07,074 Getting data for robot: 0
2020-06-23 12:33:07,121 Data successfuly retrieved for robot:0
2020-06-23 12:33:07,181 Index out of range. Getting all available data
2020-06-23 12:33:07,181 Getting data for robot: 0
2020-06-23 12:33:07,220 Data successfuly retrieved for robot:0
2020-06-23 12:33:07,280 Index out of range. Getting all available data
2020-06-23 12:33:07,280 Getting data for robot: 0
2020-06-23 12:33:07,324 Data successfuly retrieved for robot:0
2020-06-23 12:33:07,385 Index out of range. Getting all available data
2020-06-23 12:33:07,385 Getting data for robot: 0
2020-06-23 12:33:07,430 Data successfuly retrieved for robot:0
2020-06-23 12:33:07,494 Index out of range. Getting all available data
2020-06-23 12:33:07,494 Getting data for robot: 0
2020-06-23 12:33:07,538 Data successfuly retrieved for robot:0
2020-06-23 12:33:07,602 Index out of range. Getting all available data
2020-06-23 12:33:07,602 Getting data for robot: 0
2020-06-23 12:33:07,644 Data successfuly retrieved for robot:0
2020-06-23 12:33:07,704 Index out of range. Getting all available data
2020-06-23 12:33:07,704 Getting data for robot: 0
2020-06-23 12:33:07,741 Data successfuly retrieved for robot:0
2020-06-23 12:33:07,805 Index out of range. Getting all available data
2020-06-23 12:33:07,805 Getting data for robot: 0
2020-06-23 12:33:07,839 Data successfuly retrieved for robot:0
2020-06-23 12:33:07,903 Index out of range. Getting all available data
2020-06-23 12:33:07,903 Getting data for robot: 0
2020-06-23 12:33:07,939 Data successfuly retrieved for robot:0
2020-06-23 12:33:08,002 Index out of range. Getting all available data
2020-06-23 12:33:08,002 Getting data for robot: 0
2020-06-23 12:33:08,033 Data successfuly retrieved for robot:0
2020-06-23 12:33:08,100 Index out of range. Getting all available data
2020-06-23 12:33:08,100 Getting data for robot: 0
2020-06-23 12:33:08,142 Data successfuly retrieved for robot:0
2020-06-23 12:33:08,205 Index out of range. Getting all available data
2020-06-23 12:33:08,205 Getting data for robot: 0
2020-06-23 12:33:08,243 Data successfuly retrieved for robot:0
2020-06-23 12:33:08,305 Index out of range. Getting all available data
2020-06-23 12:33:08,305 Getting data for robot: 0
2020-06-23 12:33:08,344 Data successfuly retrieved for robot:0
2020-06-23 12:33:08,410 Index out of range. Getting all available data
2020-06-23 12:33:08,410 Getting data for robot: 0
2020-06-23 12:33:08,454 Data successfuly retrieved for robot:0
2020-06-23 12:33:08,519 Index out of range. Getting all available data
2020-06-23 12:33:08,519 Getting data for robot: 0
2020-06-23 12:33:08,554 Data successfuly retrieved for robot:0
2020-06-23 12:33:08,617 Index out of range. Getting all available data
2020-06-23 12:33:08,617 Getting data for robot: 0
2020-06-23 12:33:08,644 Data successfuly retrieved for robot:0
2020-06-23 12:33:08,707 Index out of range. Getting all available data
2020-06-23 12:33:08,707 Getting data for robot: 0
2020-06-23 12:33:08,737 Data successfuly retrieved for robot:0
2020-06-23 12:33:08,801 Index out of range. Getting all available data
2020-06-23 12:33:08,801 Getting data for robot: 0
2020-06-23 12:33:08,838 Data successfuly retrieved for robot:0
2020-06-23 12:33:08,902 Index out of range. Getting all available data
2020-06-23 12:33:08,902 Getting data for robot: 0
2020-06-23 12:33:08,944 Data successfuly retrieved for robot:0
2020-06-23 12:33:09,004 Index out of range. Getting all available data
2020-06-23 12:33:09,004 Getting data for robot: 0
2020-06-23 12:33:09,043 Data successfuly retrieved for robot:0
2020-06-23 12:33:09,103 Index out of range. Getting all available data
2020-06-23 12:33:09,103 Getting data for robot: 0
2020-06-23 12:33:09,147 Data successfuly retrieved for robot:0
2020-06-23 12:33:09,210 Index out of range. Getting all available data
2020-06-23 12:33:09,210 Getting data for robot: 0
2020-06-23 12:33:09,246 Data successfuly retrieved for robot:0
2020-06-23 12:33:09,308 Index out of range. Getting all available data
2020-06-23 12:33:09,308 Getting data for robot: 0
2020-06-23 12:33:09,345 Data successfuly retrieved for robot:0
2020-06-23 12:33:09,409 Index out of range. Getting all available data
2020-06-23 12:33:09,409 Getting data for robot: 0
2020-06-23 12:33:09,450 Data successfuly retrieved for robot:0
2020-06-23 12:33:09,516 Index out of range. Getting all available data
2020-06-23 12:33:09,516 Getting data for robot: 0
2020-06-23 12:33:09,560 Data successfuly retrieved for robot:0
2020-06-23 12:33:09,625 Index out of range. Getting all available data
2020-06-23 12:33:09,625 Getting data for robot: 0
2020-06-23 12:33:09,676 Data successfuly retrieved for robot:0
2020-06-23 12:33:09,738 Index out of range. Getting all available data
2020-06-23 12:33:09,738 Getting data for robot: 0
2020-06-23 12:33:09,788 Data successfuly retrieved for robot:0
2020-06-23 12:33:09,854 Index out of range. Getting all available data
2020-06-23 12:33:09,854 Getting data for robot: 0
2020-06-23 12:33:09,887 Data successfuly retrieved for robot:0
2020-06-23 12:33:09,949 Index out of range. Getting all available data
2020-06-23 12:33:09,949 Getting data for robot: 0
2020-06-23 12:33:09,995 Data successfuly retrieved for robot:0
2020-06-23 12:33:10,062 Index out of range. Getting all available data
2020-06-23 12:33:10,062 Getting data for robot: 0
2020-06-23 12:33:10,097 Data successfuly retrieved for robot:0
2020-06-23 12:33:10,162 Index out of range. Getting all available data
2020-06-23 12:33:10,162 Getting data for robot: 0
2020-06-23 12:33:10,214 Data successfuly retrieved for robot:0
2020-06-23 12:33:10,279 Index out of range. Getting all available data
2020-06-23 12:33:10,279 Getting data for robot: 0
2020-06-23 12:33:10,316 Data successfuly retrieved for robot:0
2020-06-23 12:33:10,380 Index out of range. Getting all available data
2020-06-23 12:33:10,380 Getting data for robot: 0
2020-06-23 12:33:10,422 Data successfuly retrieved for robot:0
2020-06-23 12:33:10,486 Index out of range. Getting all available data
2020-06-23 12:33:10,486 Getting data for robot: 0
2020-06-23 12:33:10,517 Data successfuly retrieved for robot:0
2020-06-23 12:33:10,580 Index out of range. Getting all available data
2020-06-23 12:33:10,580 Getting data for robot: 0
2020-06-23 12:33:10,617 Data successfuly retrieved for robot:0
2020-06-23 12:33:10,678 Index out of range. Getting all available data
2020-06-23 12:33:10,678 Getting data for robot: 0
2020-06-23 12:33:10,703 Data successfuly retrieved for robot:0
2020-06-23 12:33:10,761 Index out of range. Getting all available data
2020-06-23 12:33:10,761 Getting data for robot: 0
2020-06-23 12:33:10,801 Data successfuly retrieved for robot:0
2020-06-23 12:33:10,860 Index out of range. Getting all available data
2020-06-23 12:33:10,860 Getting data for robot: 0
2020-06-23 12:33:10,895 Data successfuly retrieved for robot:0
2020-06-23 12:33:10,952 Index out of range. Getting all available data
2020-06-23 12:33:10,952 Getting data for robot: 0
2020-06-23 12:33:10,988 Data successfuly retrieved for robot:0
2020-06-23 12:33:11,046 Index out of range. Getting all available data
2020-06-23 12:33:11,046 Getting data for robot: 0
2020-06-23 12:33:11,084 Data successfuly retrieved for robot:0
2020-06-23 12:33:11,139 Index out of range. Getting all available data
2020-06-23 12:33:11,139 Getting data for robot: 0
2020-06-23 12:33:11,177 Data successfuly retrieved for robot:0
2020-06-23 12:33:11,235 Index out of range. Getting all available data
2020-06-23 12:33:11,235 Getting data for robot: 0
2020-06-23 12:33:11,275 Data successfuly retrieved for robot:0
2020-06-23 12:33:11,330 Index out of range. Getting all available data
2020-06-23 12:33:11,330 Getting data for robot: 0
2020-06-23 12:33:11,489 Data successfuly retrieved for robot:0
2020-06-23 12:33:11,544 Index out of range. Getting all available data
2020-06-23 12:33:11,544 Getting data for robot: 0
2020-06-23 12:33:11,980 Data successfuly retrieved for robot:0
2020-06-23 12:33:12,033 Index out of range. Getting all available data
2020-06-23 12:33:12,033 Getting data for robot: 0
2020-06-23 12:33:12,074 Data successfuly retrieved for robot:0
2020-06-23 12:33:12,127 Index out of range. Getting all available data
2020-06-23 12:33:12,127 Getting data for robot: 0
2020-06-23 12:33:12,439 Data successfuly retrieved for robot:0
2020-06-23 12:33:12,493 Index out of range. Getting all available data
2020-06-23 12:33:12,495 Getting data for robot: 0
